2023-02-09 09:07:11.788 [info] Validating found git in: git
2023-02-09 09:07:11.788 [info] Using git 2.30.2 from git
2023-02-09 09:07:11.788 [info] > git rev-parse --show-toplevel [33ms]
2023-02-09 09:07:11.788 [info] > git rev-parse --git-dir --git-common-dir [22ms]
2023-02-09 09:07:11.788 [info] Log level: Info
2023-02-09 09:07:11.788 [info] Open repository: /home/coder
2023-02-09 09:07:11.788 [info] > git status -z -uall [19ms]
2023-02-09 09:07:11.789 [info] > git remote --verbose [30ms]
2023-02-09 09:07:11.789 [info] > git for-each-ref --sort -committerdate --format %(refname) %(objectname) %(*objectname) [39ms]
2023-02-09 09:07:11.789 [info] > git config --get commit.template [10ms]
2023-02-09 09:07:11.789 [info] > git rev-parse --show-toplevel [18ms]
2023-02-09 09:07:11.789 [info] > git rev-parse --show-toplevel [10ms]
2023-02-09 09:07:11.789 [info] > git rev-parse --show-toplevel [3ms]
2023-02-09 09:07:11.789 [info] > git for-each-ref --format=%(refname)%00%(upstream:short)%00%(objectname)%00%(upstream:track)%00%(upstream:remotename)%00%(upstream:remoteref) refs/heads/master refs/remotes/master [19ms]
2023-02-09 09:07:11.789 [info] > git status -z -uall [22ms]
2023-02-09 09:07:11.789 [info] > git remote --verbose [28ms]
2023-02-09 09:07:11.789 [info] > git for-each-ref --sort -committerdate --format %(refname) %(objectname) %(*objectname) [33ms]
2023-02-09 09:07:11.789 [info] > git rev-parse --show-toplevel [46ms]
2023-02-09 09:07:11.789 [info] > git config --get commit.template [13ms]
2023-02-09 09:07:11.789 [info] > git for-each-ref --format=%(refname)%00%(upstream:short)%00%(objectname)%00%(upstream:track)%00%(upstream:remotename)%00%(upstream:remoteref) refs/heads/master refs/remotes/master [2ms]
2023-02-09 09:07:12.289 [info] > git check-ignore -v -z --stdin [2ms]
2023-02-09 09:07:15.755 [info] > git status -z -uall [7ms]
2023-02-09 09:07:15.756 [info] > git remote --verbose [14ms]
2023-02-09 09:07:15.756 [info] > git for-each-ref --sort -committerdate --format %(refname) %(objectname) %(*objectname) [21ms]
2023-02-09 09:07:15.758 [info] > git config --get commit.template [3ms]
2023-02-09 09:07:15.770 [info] > git for-each-ref --format=%(refname)%00%(upstream:short)%00%(objectname)%00%(upstream:track)%00%(upstream:remotename)%00%(upstream:remoteref) refs/heads/master refs/remotes/master [2ms]
2023-02-09 09:07:16.248 [info] > git ls-files --stage -- /home/coder/.vscode/launch.json [2ms]
2023-02-09 09:07:16.256 [info] > git show --textconv :.vscode/launch.json [14ms]
2023-02-09 09:07:16.258 [info] > git cat-file -s c5674dab8f2f52729f1fc6339b8e155ab424e3bc [3ms]
2023-02-09 09:07:16.548 [info] > git check-ignore -v -z --stdin [1ms]
2023-02-09 09:07:20.801 [info] > git status -z -uall [6ms]
2023-02-09 09:07:20.802 [info] > git remote --verbose [13ms]
2023-02-09 09:07:20.803 [info] > git for-each-ref --sort -committerdate --format %(refname) %(objectname) %(*objectname) [19ms]
2023-02-09 09:07:20.804 [info] > git config --get commit.template [2ms]
2023-02-09 09:07:20.812 [info] > git for-each-ref --format=%(refname)%00%(upstream:short)%00%(objectname)%00%(upstream:track)%00%(upstream:remotename)%00%(upstream:remoteref) refs/heads/master refs/remotes/master [2ms]
2023-02-09 09:07:22.476 [info] > git branch [2ms]
2023-02-09 09:07:22.487 [info] > git rm --cached -r -- . [4ms]
2023-02-09 09:07:22.487 [info] error: the following files have staged content different from both the
file and the HEAD:
    .local/share/code-server/User/workspaceStorage/d1b2131/vscode.lock
    .local/share/code-server/coder-logs/code-server-stdout.log
    .local/share/code-server/logs/20230209T080759/exthost2/exthost.log
    .local/share/code-server/logs/20230209T080759/exthost2/vscode.git/Git.log
    .local/share/code-server/logs/20230209T080759/ptyhost.log
    .local/share/code-server/logs/20230209T080759/remoteagent.log
(use -f to force removal)
2023-02-09 09:07:25.844 [info] > git status -z -uall [7ms]
2023-02-09 09:07:25.844 [info] > git remote --verbose [13ms]
2023-02-09 09:07:25.845 [info] > git for-each-ref --sort -committerdate --format %(refname) %(objectname) %(*objectname) [19ms]
2023-02-09 09:07:25.846 [info] > git config --get commit.template [2ms]
2023-02-09 09:07:25.855 [info] > git for-each-ref --format=%(refname)%00%(upstream:short)%00%(objectname)%00%(upstream:track)%00%(upstream:remotename)%00%(upstream:remoteref) refs/heads/master refs/remotes/master [2ms]
2023-02-09 09:07:30.881 [info] > git status -z -uall [6ms]
2023-02-09 09:07:30.882 [info] > git remote --verbose [13ms]
2023-02-09 09:07:30.883 [info] > git for-each-ref --sort -committerdate --format %(refname) %(objectname) %(*objectname) [18ms]
2023-02-09 09:07:30.884 [info] > git config --get commit.template [2ms]
2023-02-09 09:07:30.894 [info] > git for-each-ref --format=%(refname)%00%(upstream:short)%00%(objectname)%00%(upstream:track)%00%(upstream:remotename)%00%(upstream:remoteref) refs/heads/master refs/remotes/master [3ms]
2023-02-09 09:07:33.337 [info] > git branch [2ms]
2023-02-09 09:07:33.348 [info] > git rm --cached -r -- /home/coder/.bash_logout [3ms]
2023-02-09 09:07:33.381 [info] > git status -z -uall [9ms]
2023-02-09 09:07:33.381 [info] > git remote --verbose [18ms]
2023-02-09 09:07:33.382 [info] > git for-each-ref --sort -committerdate --format %(refname) %(objectname) %(*objectname) [26ms]
2023-02-09 09:07:33.383 [info] > git config --get commit.template [3ms]
2023-02-09 09:07:33.392 [info] > git for-each-ref --format=%(refname)%00%(upstream:short)%00%(objectname)%00%(upstream:track)%00%(upstream:remotename)%00%(upstream:remoteref) refs/heads/master refs/remotes/master [3ms]
2023-02-09 09:07:35.341 [info] > git branch [2ms]
2023-02-09 09:07:35.349 [info] > git rm --cached -r -- /home/coder/.bashrc [2ms]
2023-02-09 09:07:35.374 [info] > git status -z -uall [7ms]
2023-02-09 09:07:35.375 [info] > git remote --verbose [13ms]
2023-02-09 09:07:35.376 [info] > git for-each-ref --sort -committerdate --format %(refname) %(objectname) %(*objectname) [18ms]
2023-02-09 09:07:35.377 [info] > git config --get commit.template [3ms]
2023-02-09 09:07:35.385 [info] > git for-each-ref --format=%(refname)%00%(upstream:short)%00%(objectname)%00%(upstream:track)%00%(upstream:remotename)%00%(upstream:remoteref) refs/heads/master refs/remotes/master [2ms]
2023-02-09 09:07:35.920 [info] > git status -z -uall [8ms]
2023-02-09 09:07:35.921 [info] > git remote --verbose [14ms]
2023-02-09 09:07:35.921 [info] > git for-each-ref --sort -committerdate --format %(refname) %(objectname) %(*objectname) [18ms]
2023-02-09 09:07:35.923 [info] > git config --get commit.template [4ms]
2023-02-09 09:07:35.931 [info] > git for-each-ref --format=%(refname)%00%(upstream:short)%00%(objectname)%00%(upstream:track)%00%(upstream:remotename)%00%(upstream:remoteref) refs/heads/master refs/remotes/master [1ms]
2023-02-09 09:07:36.115 [info] > git branch [2ms]
2023-02-09 09:07:36.124 [info] > git rm --cached -r -- /home/coder/.profile [3ms]
2023-02-09 09:07:36.150 [info] > git status -z -uall [9ms]
2023-02-09 09:07:36.151 [info] > git remote --verbose [14ms]
2023-02-09 09:07:36.151 [info] > git for-each-ref --sort -committerdate --format %(refname) %(objectname) %(*objectname) [20ms]
2023-02-09 09:07:36.152 [info] > git config --get commit.template [3ms]
2023-02-09 09:07:36.162 [info] > git for-each-ref --format=%(refname)%00%(upstream:short)%00%(objectname)%00%(upstream:track)%00%(upstream:remotename)%00%(upstream:remoteref) refs/heads/master refs/remotes/master [1ms]
2023-02-09 09:07:36.993 [info] > git branch [2ms]
2023-02-09 09:07:37.001 [info] > git rm --cached -r -- /home/coder/.config/code-server/config.yaml [3ms]
2023-02-09 09:07:37.030 [info] > git status -z -uall [7ms]
2023-02-09 09:07:37.031 [info] > git remote --verbose [15ms]
2023-02-09 09:07:37.032 [info] > git for-each-ref --sort -committerdate --format %(refname) %(objectname) %(*objectname) [22ms]
2023-02-09 09:07:37.033 [info] > git config --get commit.template [4ms]
2023-02-09 09:07:37.043 [info] > git for-each-ref --format=%(refname)%00%(upstream:short)%00%(objectname)%00%(upstream:track)%00%(upstream:remotename)%00%(upstream:remoteref) refs/heads/master refs/remotes/master [2ms]
2023-02-09 09:07:38.177 [info] > git branch [1ms]
2023-02-09 09:07:38.186 [info] > git rm --cached -r -- . [2ms]
2023-02-09 09:07:38.186 [info] error: the following files have staged content different from both the
file and the HEAD:
    .local/share/code-server/User/workspaceStorage/d1b2131/vscode.lock
    .local/share/code-server/coder-logs/code-server-stdout.log
    .local/share/code-server/logs/20230209T080759/exthost2/exthost.log
    .local/share/code-server/logs/20230209T080759/exthost2/vscode.git/Git.log
    .local/share/code-server/logs/20230209T080759/ptyhost.log
    .local/share/code-server/logs/20230209T080759/remoteagent.log
(use -f to force removal)
2023-02-09 09:07:40.954 [info] > git status -z -uall [6ms]
2023-02-09 09:07:40.954 [info] > git remote --verbose [11ms]
2023-02-09 09:07:40.955 [info] > git for-each-ref --sort -committerdate --format %(refname) %(objectname) %(*objectname) [17ms]
2023-02-09 09:07:40.956 [info] > git config --get commit.template [2ms]
2023-02-09 09:07:40.965 [info] > git for-each-ref --format=%(refname)%00%(upstream:short)%00%(objectname)%00%(upstream:track)%00%(upstream:remotename)%00%(upstream:remoteref) refs/heads/master refs/remotes/master [2ms]
2023-02-09 09:07:45.898 [info] > git branch [2ms]
2023-02-09 09:07:45.911 [info] > git rm --cached -r -- . [3ms]
2023-02-09 09:07:45.911 [info] error: the following files have staged content different from both the
file and the HEAD:
    .local/share/code-server/User/workspaceStorage/d1b2131/vscode.lock
    .local/share/code-server/coder-logs/code-server-stdout.log
    .local/share/code-server/logs/20230209T080759/exthost2/exthost.log
    .local/share/code-server/logs/20230209T080759/exthost2/vscode.git/Git.log
    .local/share/code-server/logs/20230209T080759/ptyhost.log
    .local/share/code-server/logs/20230209T080759/remoteagent.log
(use -f to force removal)
2023-02-09 09:07:45.971 [info] > git status -z -uall [7ms]
2023-02-09 09:07:45.971 [info] > git remote --verbose [14ms]
2023-02-09 09:07:45.972 [info] > git for-each-ref --sort -committerdate --format %(refname) %(objectname) %(*objectname) [18ms]
2023-02-09 09:07:45.972 [info] > git config --get commit.template [2ms]
2023-02-09 09:07:45.981 [info] > git for-each-ref --format=%(refname)%00%(upstream:short)%00%(objectname)%00%(upstream:track)%00%(upstream:remotename)%00%(upstream:remoteref) refs/heads/master refs/remotes/master [2ms]
2023-02-09 09:07:49.048 [info] > git branch [2ms]
2023-02-09 09:07:49.060 [info] > git rm --cached -r -- /home/coder/.local/share/code-server/coder.json [4ms]
2023-02-09 09:07:49.086 [info] > git status -z -uall [6ms]
2023-02-09 09:07:49.086 [info] > git remote --verbose [13ms]
2023-02-09 09:07:49.087 [info] > git for-each-ref --sort -committerdate --format %(refname) %(objectname) %(*objectname) [20ms]
2023-02-09 09:07:49.088 [info] > git config --get commit.template [3ms]
2023-02-09 09:07:49.097 [info] > git for-each-ref --format=%(refname)%00%(upstream:short)%00%(objectname)%00%(upstream:track)%00%(upstream:remotename)%00%(upstream:remoteref) refs/heads/master refs/remotes/master [1ms]
2023-02-09 09:07:49.478 [info] > git branch [2ms]
2023-02-09 09:07:49.487 [info] > git rm --cached -r -- /home/coder/.local/share/code-server/heartbeat [3ms]
2023-02-09 09:07:49.512 [info] > git status -z -uall [7ms]
2023-02-09 09:07:49.513 [info] > git remote --verbose [12ms]
2023-02-09 09:07:49.513 [info] > git for-each-ref --sort -committerdate --format %(refname) %(objectname) %(*objectname) [19ms]
2023-02-09 09:07:49.514 [info] > git config --get commit.template [3ms]
2023-02-09 09:07:49.523 [info] > git for-each-ref --format=%(refname)%00%(upstream:short)%00%(objectname)%00%(upstream:track)%00%(upstream:remotename)%00%(upstream:remoteref) refs/heads/master refs/remotes/master [3ms]
2023-02-09 09:07:49.846 [info] > git branch [2ms]
2023-02-09 09:07:49.853 [info] > git rm --cached -r -- /home/coder/.local/share/code-server/machineid [2ms]
2023-02-09 09:07:49.878 [info] > git status -z -uall [8ms]
2023-02-09 09:07:49.879 [info] > git remote --verbose [14ms]
2023-02-09 09:07:49.880 [info] > git for-each-ref --sort -committerdate --format %(refname) %(objectname) %(*objectname) [21ms]
2023-02-09 09:07:49.881 [info] > git config --get commit.template [5ms]
2023-02-09 09:07:49.889 [info] > git for-each-ref --format=%(refname)%00%(upstream:short)%00%(objectname)%00%(upstream:track)%00%(upstream:remotename)%00%(upstream:remoteref) refs/heads/master refs/remotes/master [1ms]
2023-02-09 09:07:50.191 [info] > git branch [1ms]
2023-02-09 09:07:50.198 [info] > git rm --cached -r -- /home/coder/.local/share/code-server/CachedExtensions/builtin [2ms]
2023-02-09 09:07:50.216 [info] > git status -z -uall [6ms]
2023-02-09 09:07:50.217 [info] > git remote --verbose [9ms]
2023-02-09 09:07:50.217 [info] > git for-each-ref --sort -committerdate --format %(refname) %(objectname) %(*objectname) [14ms]
2023-02-09 09:07:50.218 [info] > git config --get commit.template [2ms]
2023-02-09 09:07:50.227 [info] > git for-each-ref --format=%(refname)%00%(upstream:short)%00%(objectname)%00%(upstream:track)%00%(upstream:remotename)%00%(upstream:remoteref) refs/heads/master refs/remotes/master [2ms]
2023-02-09 09:07:50.407 [info] > git branch [2ms]
2023-02-09 09:07:50.419 [info] > git rm --cached -r -- /home/coder/.local/share/code-server/CachedExtensions/user [2ms]
2023-02-09 09:07:50.449 [info] > git status -z -uall [7ms]
2023-02-09 09:07:50.450 [info] > git remote --verbose [15ms]
2023-02-09 09:07:50.450 [info] > git for-each-ref --sort -committerdate --format %(refname) %(objectname) %(*objectname) [22ms]
2023-02-09 09:07:50.452 [info] > git config --get commit.template [3ms]
2023-02-09 09:07:50.462 [info] > git for-each-ref --format=%(refname)%00%(upstream:short)%00%(objectname)%00%(upstream:track)%00%(upstream:remotename)%00%(upstream:remoteref) refs/heads/master refs/remotes/master [2ms]
2023-02-09 09:07:50.527 [info] > git branch [1ms]
2023-02-09 09:07:50.533 [info] > git rm --cached -r -- /home/coder/.local/share/code-server/CachedExtensions/user [1ms]
2023-02-09 09:07:50.533 [info] fatal: pathspec '/home/coder/.local/share/code-server/CachedExtensions/user' did not match any files
2023-02-09 09:07:51.006 [info] > git status -z -uall [7ms]
2023-02-09 09:07:51.007 [info] > git remote --verbose [12ms]
2023-02-09 09:07:51.007 [info] > git for-each-ref --sort -committerdate --format %(refname) %(objectname) %(*objectname) [17ms]
2023-02-09 09:07:51.008 [info] > git config --get commit.template [3ms]
2023-02-09 09:07:51.018 [info] > git for-each-ref --format=%(refname)%00%(upstream:short)%00%(objectname)%00%(upstream:track)%00%(upstream:remotename)%00%(upstream:remoteref) refs/heads/master refs/remotes/master [3ms]
2023-02-09 09:07:54.802 [info] > git branch [2ms]
2023-02-09 09:07:54.812 [info] > git rm --cached -r -- /home/coder/.local/share/code-server/coder-logs/code-server-stdout.log [2ms]
2023-02-09 09:07:54.813 [info] error: the following file has staged content different from both the
file and the HEAD:
    .local/share/code-server/coder-logs/code-server-stdout.log
(use -f to force removal)
2023-02-09 09:07:56.044 [info] > git status -z -uall [8ms]
2023-02-09 09:07:56.045 [info] > git remote --verbose [13ms]
2023-02-09 09:07:56.045 [info] > git for-each-ref --sort -committerdate --format %(refname) %(objectname) %(*objectname) [19ms]
2023-02-09 09:07:56.046 [info] > git config --get commit.template [5ms]
2023-02-09 09:07:56.055 [info] > git for-each-ref --format=%(refname)%00%(upstream:short)%00%(objectname)%00%(upstream:track)%00%(upstream:remotename)%00%(upstream:remoteref) refs/heads/master refs/remotes/master [1ms]
2023-02-09 09:07:58.538 [info] > git branch [2ms]
2023-02-09 09:07:58.548 [info] > git rm --cached -r -- /home/coder/.local/share/code-server/logs/20230209T080759/ptyhost.log [4ms]
2023-02-09 09:07:58.549 [info] error: the following file has staged content different from both the
file and the HEAD:
    .local/share/code-server/logs/20230209T080759/ptyhost.log
(use -f to force removal)
2023-02-09 09:08:01.077 [info] > git status -z -uall [5ms]
2023-02-09 09:08:01.077 [info] > git remote --verbose [10ms]
2023-02-09 09:08:01.078 [info] > git for-each-ref --sort -committerdate --format %(refname) %(objectname) %(*objectname) [15ms]
2023-02-09 09:08:01.078 [info] > git config --get commit.template [2ms]
2023-02-09 09:08:01.087 [info] > git for-each-ref --format=%(refname)%00%(upstream:short)%00%(objectname)%00%(upstream:track)%00%(upstream:remotename)%00%(upstream:remoteref) refs/heads/master refs/remotes/master [1ms]
2023-02-09 09:08:06.111 [info] > git status -z -uall [6ms]
2023-02-09 09:08:06.112 [info] > git remote --verbose [11ms]
2023-02-09 09:08:06.112 [info] > git for-each-ref --sort -committerdate --format %(refname) %(objectname) %(*objectname) [16ms]
2023-02-09 09:08:06.113 [info] > git config --get commit.template [3ms]
2023-02-09 09:08:06.121 [info] > git for-each-ref --format=%(refname)%00%(upstream:short)%00%(objectname)%00%(upstream:track)%00%(upstream:remotename)%00%(upstream:remoteref) refs/heads/master refs/remotes/master [2ms]
2023-02-09 09:08:06.337 [info] > git branch [2ms]
2023-02-09 09:08:06.344 [info] > git rm --cached -r -- /home/coder/.local/share/code-server/User/customBuiltinExtensionsCache.json [2ms]
2023-02-09 09:08:06.373 [info] > git status -z -uall [9ms]
2023-02-09 09:08:06.374 [info] > git remote --verbose [18ms]
2023-02-09 09:08:06.374 [info] > git for-each-ref --sort -committerdate --format %(refname) %(objectname) %(*objectname) [23ms]
2023-02-09 09:08:06.376 [info] > git config --get commit.template [4ms]
2023-02-09 09:08:06.385 [info] > git for-each-ref --format=%(refname)%00%(upstream:short)%00%(objectname)%00%(upstream:track)%00%(upstream:remotename)%00%(upstream:remoteref) refs/heads/master refs/remotes/master [2ms]
2023-02-09 09:08:07.025 [info] > git branch [2ms]
2023-02-09 09:08:07.035 [info] > git rm --cached -r -- /home/coder/.local/share/code-server/User/machineid [2ms]
2023-02-09 09:08:07.059 [info] > git status -z -uall [6ms]
2023-02-09 09:08:07.059 [info] > git remote --verbose [12ms]
2023-02-09 09:08:07.060 [info] > git for-each-ref --sort -committerdate --format %(refname) %(objectname) %(*objectname) [18ms]
2023-02-09 09:08:07.061 [info] > git config --get commit.template [3ms]
2023-02-09 09:08:07.069 [info] > git for-each-ref --format=%(refname)%00%(upstream:short)%00%(objectname)%00%(upstream:track)%00%(upstream:remotename)%00%(upstream:remoteref) refs/heads/master refs/remotes/master [2ms]
2023-02-09 09:08:07.476 [info] > git branch [1ms]
2023-02-09 09:08:07.485 [info] > git rm --cached -r -- /home/coder/.local/share/code-server/User/systemExtensionsCache.json [2ms]
2023-02-09 09:08:07.511 [info] > git status -z -uall [8ms]
2023-02-09 09:08:07.512 [info] > git remote --verbose [15ms]
2023-02-09 09:08:07.512 [info] > git for-each-ref --sort -committerdate --format %(refname) %(objectname) %(*objectname) [21ms]
2023-02-09 09:08:07.514 [info] > git config --get commit.template [3ms]
2023-02-09 09:08:07.523 [info] > git for-each-ref --format=%(refname)%00%(upstream:short)%00%(objectname)%00%(upstream:track)%00%(upstream:remotename)%00%(upstream:remoteref) refs/heads/master refs/remotes/master [3ms]
2023-02-09 09:08:08.040 [info] > git branch [2ms]
2023-02-09 09:08:08.050 [info] > git rm --cached -r -- /home/coder/.local/share/code-server/User/caches/CachedConfigurations/folder/591858fa/configuration.json [3ms]
2023-02-09 09:08:08.074 [info] > git status -z -uall [6ms]
2023-02-09 09:08:08.075 [info] > git remote --verbose [12ms]
2023-02-09 09:08:08.075 [info] > git for-each-ref --sort -committerdate --format %(refname) %(objectname) %(*objectname) [19ms]
2023-02-09 09:08:08.077 [info] > git config --get commit.template [4ms]
2023-02-09 09:08:08.087 [info] > git for-each-ref --format=%(refname)%00%(upstream:short)%00%(objectname)%00%(upstream:track)%00%(upstream:remotename)%00%(upstream:remoteref) refs/heads/master refs/remotes/master [2ms]
2023-02-09 09:08:08.708 [info] > git branch [1ms]
2023-02-09 09:08:08.719 [info] > git rm --cached -r -- /home/coder/.local/share/code-server/User/History/-3b879752/entries.json [3ms]
2023-02-09 09:08:08.743 [info] > git status -z -uall [6ms]
2023-02-09 09:08:08.743 [info] > git remote --verbose [12ms]
2023-02-09 09:08:08.744 [info] > git for-each-ref --sort -committerdate --format %(refname) %(objectname) %(*objectname) [18ms]
2023-02-09 09:08:08.745 [info] > git config --get commit.template [3ms]
2023-02-09 09:08:08.755 [info] > git for-each-ref --format=%(refname)%00%(upstream:short)%00%(objectname)%00%(upstream:track)%00%(upstream:remotename)%00%(upstream:remoteref) refs/heads/master refs/remotes/master [1ms]
2023-02-09 09:08:09.394 [info] > git branch [1ms]
2023-02-09 09:08:09.405 [info] > git rm --cached -r -- /home/coder/.local/share/code-server/User/History/-3b879752/yeGn.json [3ms]
2023-02-09 09:08:09.431 [info] > git status -z -uall [7ms]
2023-02-09 09:08:09.432 [info] > git remote --verbose [14ms]
2023-02-09 09:08:09.433 [info] > git for-each-ref --sort -committerdate --format %(refname) %(objectname) %(*objectname) [20ms]
2023-02-09 09:08:09.437 [info] > git config --get commit.template [5ms]
2023-02-09 09:08:09.445 [info] > git for-each-ref --format=%(refname)%00%(upstream:short)%00%(objectname)%00%(upstream:track)%00%(upstream:remotename)%00%(upstream:remoteref) refs/heads/master refs/remotes/master [2ms]
2023-02-09 09:08:10.459 [info] > git branch [2ms]
2023-02-09 09:08:10.470 [info] > git rm --cached -r -- /home/coder/.local/share/code-server/logs/20230209T080759/exthost2/output_logging_20230209T090010/1-JSON Language Server.log [2ms]
2023-02-09 09:08:10.499 [info] > git status -z -uall [7ms]
2023-02-09 09:08:10.500 [info] > git remote --verbose [15ms]
2023-02-09 09:08:10.500 [info] > git for-each-ref --sort -committerdate --format %(refname) %(objectname) %(*objectname) [20ms]
2023-02-09 09:08:10.501 [info] > git config --get commit.template [2ms]
2023-02-09 09:08:10.510 [info] > git for-each-ref --format=%(refname)%00%(upstream:short)%00%(objectname)%00%(upstream:track)%00%(upstream:remotename)%00%(upstream:remoteref) refs/heads/master refs/remotes/master [2ms]
2023-02-09 09:08:11.510 [info] > git branch [2ms]
2023-02-09 09:08:11.519 [info] > git rm --cached -r -- /home/coder/.local/share/code-server/logs/20230209T080759/exthost1/exthost.log [2ms]
2023-02-09 09:08:11.543 [info] > git status -z -uall [7ms]
2023-02-09 09:08:11.544 [info] > git remote --verbose [12ms]
2023-02-09 09:08:11.544 [info] > git for-each-ref --sort -committerdate --format %(refname) %(objectname) %(*objectname) [18ms]
2023-02-09 09:08:11.545 [info] > git config --get commit.template [3ms]
2023-02-09 09:08:11.555 [info] > git for-each-ref --format=%(refname)%00%(upstream:short)%00%(objectname)%00%(upstream:track)%00%(upstream:remotename)%00%(upstream:remoteref) refs/heads/master refs/remotes/master [2ms]
2023-02-09 09:08:12.171 [info] > git branch [1ms]
2023-02-09 09:08:12.179 [info] > git rm --cached -r -- /home/coder/.local/share/code-server/logs/20230209T080759/exthost1/output_logging_20230209T080807/1-JSON Language Server.log [2ms]
2023-02-09 09:08:12.204 [info] > git status -z -uall [7ms]
2023-02-09 09:08:12.205 [info] > git remote --verbose [13ms]
2023-02-09 09:08:12.205 [info] > git for-each-ref --sort -committerdate --format %(refname) %(objectname) %(*objectname) [20ms]
2023-02-09 09:08:12.207 [info] > git config --get commit.template [3ms]
2023-02-09 09:08:12.216 [info] > git for-each-ref --format=%(refname)%00%(upstream:short)%00%(objectname)%00%(upstream:track)%00%(upstream:remotename)%00%(upstream:remoteref) refs/heads/master refs/remotes/master [1ms]
2023-02-09 09:08:12.792 [info] > git branch [1ms]
2023-02-09 09:08:12.802 [info] > git rm --cached -r -- /home/coder/.local/share/code-server/logs/20230209T080759/exthost1/vscode.git/Git.log [3ms]
2023-02-09 09:08:12.831 [info] > git status -z -uall [7ms]
2023-02-09 09:08:12.832 [info] > git remote --verbose [13ms]
2023-02-09 09:08:12.832 [info] > git for-each-ref --sort -committerdate --format %(refname) %(objectname) %(*objectname) [21ms]
2023-02-09 09:08:12.833 [info] > git config --get commit.template [3ms]
2023-02-09 09:08:12.843 [info] > git for-each-ref --format=%(refname)%00%(upstream:short)%00%(objectname)%00%(upstream:track)%00%(upstream:remotename)%00%(upstream:remoteref) refs/heads/master refs/remotes/master [3ms]
2023-02-09 09:08:14.809 [info] > git status -z -uall [6ms]
2023-02-09 09:08:14.809 [info] > git remote --verbose [11ms]
2023-02-09 09:08:14.810 [info] > git for-each-ref --sort -committerdate --format %(refname) %(objectname) %(*objectname) [17ms]
2023-02-09 09:08:14.811 [info] > git config --get commit.template [3ms]
2023-02-09 09:08:14.820 [info] > git for-each-ref --format=%(refname)%00%(upstream:short)%00%(objectname)%00%(upstream:track)%00%(upstream:remotename)%00%(upstream:remoteref) refs/heads/master refs/remotes/master [1ms]
2023-02-09 09:08:15.495 [info] > git branch [2ms]
2023-02-09 09:08:15.509 [info] > git rm --cached -r -- /home/coder/.vscode/launch.json [3ms]
2023-02-09 09:08:15.536 [info] > git status -z -uall [8ms]
2023-02-09 09:08:15.537 [info] > git remote --verbose [16ms]
2023-02-09 09:08:15.537 [info] > git for-each-ref --sort -committerdate --format %(refname) %(objectname) %(*objectname) [22ms]
2023-02-09 09:08:15.539 [info] > git config --get commit.template [2ms]
2023-02-09 09:08:15.548 [info] > git for-each-ref --format=%(refname)%00%(upstream:short)%00%(objectname)%00%(upstream:track)%00%(upstream:remotename)%00%(upstream:remoteref) refs/heads/master refs/remotes/master [2ms]
2023-02-09 09:08:19.850 [info] > git status -z -uall [7ms]
2023-02-09 09:08:19.851 [info] > git remote --verbose [12ms]
2023-02-09 09:08:19.851 [info] > git for-each-ref --sort -committerdate --format %(refname) %(objectname) %(*objectname) [18ms]
2023-02-09 09:08:19.852 [info] > git config --get commit.template [3ms]
2023-02-09 09:08:19.859 [info] > git for-each-ref --format=%(refname)%00%(upstream:short)%00%(objectname)%00%(upstream:track)%00%(upstream:remotename)%00%(upstream:remoteref) refs/heads/master refs/remotes/master [1ms]
2023-02-09 09:08:22.324 [info] > git branch [2ms]
2023-02-09 09:08:22.332 [info] > git rm --cached -r -- /home/coder/.local/share/code-server/coder-logs/code-server-stderr.log [2ms]
2023-02-09 09:08:22.361 [info] > git status -z -uall [9ms]
2023-02-09 09:08:22.362 [info] > git remote --verbose [15ms]
2023-02-09 09:08:22.362 [info] > git for-each-ref --sort -committerdate --format %(refname) %(objectname) %(*objectname) [21ms]
2023-02-09 09:08:22.364 [info] > git config --get commit.template [3ms]
2023-02-09 09:08:22.374 [info] > git for-each-ref --format=%(refname)%00%(upstream:short)%00%(objectname)%00%(upstream:track)%00%(upstream:remotename)%00%(upstream:remoteref) refs/heads/master refs/remotes/master [2ms]
2023-02-09 09:08:23.817 [info] > git branch [1ms]
2023-02-09 09:08:23.827 [info] > git rm --cached -r -- . [1ms]
2023-02-09 09:08:23.827 [info] error: the following files have staged content different from both the
file and the HEAD:
    .local/share/code-server/User/workspaceStorage/d1b2131/vscode.lock
    .local/share/code-server/coder-logs/code-server-stdout.log
    .local/share/code-server/logs/20230209T080759/exthost2/exthost.log
    .local/share/code-server/logs/20230209T080759/exthost2/vscode.git/Git.log
    .local/share/code-server/logs/20230209T080759/ptyhost.log
    .local/share/code-server/logs/20230209T080759/remoteagent.log
(use -f to force removal)
2023-02-09 09:08:24.884 [info] > git status -z -uall [6ms]
2023-02-09 09:08:24.884 [info] > git remote --verbose [11ms]
2023-02-09 09:08:24.885 [info] > git for-each-ref --sort -committerdate --format %(refname) %(objectname) %(*objectname) [17ms]
2023-02-09 09:08:24.885 [info] > git config --get commit.template [2ms]
2023-02-09 09:08:24.892 [info] > git for-each-ref --format=%(refname)%00%(upstream:short)%00%(objectname)%00%(upstream:track)%00%(upstream:remotename)%00%(upstream:remoteref) refs/heads/master refs/remotes/master [1ms]
2023-02-09 09:08:29.919 [info] > git status -z -uall [7ms]
2023-02-09 09:08:29.920 [info] > git remote --verbose [16ms]
2023-02-09 09:08:29.920 [info] > git for-each-ref --sort -committerdate --format %(refname) %(objectname) %(*objectname) [20ms]
2023-02-09 09:08:29.921 [info] > git config --get commit.template [2ms]
2023-02-09 09:08:29.931 [info] > git for-each-ref --format=%(refname)%00%(upstream:short)%00%(objectname)%00%(upstream:track)%00%(upstream:remotename)%00%(upstream:remoteref) refs/heads/master refs/remotes/master [1ms]
2023-02-09 09:08:34.952 [info] > git status -z -uall [5ms]
2023-02-09 09:08:34.952 [info] > git remote --verbose [9ms]
2023-02-09 09:08:34.953 [info] > git for-each-ref --sort -committerdate --format %(refname) %(objectname) %(*objectname) [13ms]
2023-02-09 09:08:34.953 [info] > git config --get commit.template [2ms]
2023-02-09 09:08:34.961 [info] > git for-each-ref --format=%(refname)%00%(upstream:short)%00%(objectname)%00%(upstream:track)%00%(upstream:remotename)%00%(upstream:remoteref) refs/heads/master refs/remotes/master [2ms]
2023-02-09 09:08:39.989 [info] > git status -z -uall [6ms]
2023-02-09 09:08:39.990 [info] > git remote --verbose [12ms]
2023-02-09 09:08:39.990 [info] > git for-each-ref --sort -committerdate --format %(refname) %(objectname) %(*objectname) [18ms]
2023-02-09 09:08:39.991 [info] > git config --get commit.template [2ms]
2023-02-09 09:08:39.997 [info] > git for-each-ref --format=%(refname)%00%(upstream:short)%00%(objectname)%00%(upstream:track)%00%(upstream:remotename)%00%(upstream:remoteref) refs/heads/master refs/remotes/master [1ms]
2023-02-09 09:08:45.002 [info] > git status -z -uall [5ms]
2023-02-09 09:08:45.003 [info] > git remote --verbose [11ms]
2023-02-09 09:08:45.004 [info] > git for-each-ref --sort -committerdate --format %(refname) %(objectname) %(*objectname) [18ms]
2023-02-09 09:08:45.005 [info] > git config --get commit.template [2ms]
2023-02-09 09:08:45.013 [info] > git for-each-ref --format=%(refname)%00%(upstream:short)%00%(objectname)%00%(upstream:track)%00%(upstream:remotename)%00%(upstream:remoteref) refs/heads/master refs/remotes/master [2ms]
2023-02-09 09:08:50.039 [info] > git status -z -uall [6ms]
2023-02-09 09:08:50.040 [info] > git remote --verbose [11ms]
2023-02-09 09:08:50.040 [info] > git for-each-ref --sort -committerdate --format %(refname) %(objectname) %(*objectname) [18ms]
2023-02-09 09:08:50.041 [info] > git config --get commit.template [3ms]
2023-02-09 09:08:50.048 [info] > git for-each-ref --format=%(refname)%00%(upstream:short)%00%(objectname)%00%(upstream:track)%00%(upstream:remotename)%00%(upstream:remoteref) refs/heads/master refs/remotes/master [2ms]
2023-02-09 09:08:55.074 [info] > git status -z -uall [6ms]
2023-02-09 09:08:55.075 [info] > git remote --verbose [11ms]
2023-02-09 09:08:55.075 [info] > git for-each-ref --sort -committerdate --format %(refname) %(objectname) %(*objectname) [17ms]
2023-02-09 09:08:55.076 [info] > git config --get commit.template [3ms]
2023-02-09 09:08:55.083 [info] > git for-each-ref --format=%(refname)%00%(upstream:short)%00%(objectname)%00%(upstream:track)%00%(upstream:remotename)%00%(upstream:remoteref) refs/heads/master refs/remotes/master [2ms]
2023-02-09 09:09:00.111 [info] > git status -z -uall [5ms]
2023-02-09 09:09:00.112 [info] > git remote --verbose [11ms]
2023-02-09 09:09:00.112 [info] > git for-each-ref --sort -committerdate --format %(refname) %(objectname) %(*objectname) [16ms]
2023-02-09 09:09:00.113 [info] > git config --get commit.template [2ms]
2023-02-09 09:09:00.121 [info] > git for-each-ref --format=%(refname)%00%(upstream:short)%00%(objectname)%00%(upstream:track)%00%(upstream:remotename)%00%(upstream:remoteref) refs/heads/master refs/remotes/master [1ms]
2023-02-09 09:09:00.203 [info] > git branch [1ms]
2023-02-09 09:09:00.212 [info] > git rm --cached -r -- . [2ms]
2023-02-09 09:09:00.212 [info] error: the following files have staged content different from both the
file and the HEAD:
    .local/share/code-server/User/workspaceStorage/d1b2131/vscode.lock
    .local/share/code-server/coder-logs/code-server-stdout.log
    .local/share/code-server/logs/20230209T080759/exthost2/exthost.log
    .local/share/code-server/logs/20230209T080759/exthost2/vscode.git/Git.log
    .local/share/code-server/logs/20230209T080759/ptyhost.log
    .local/share/code-server/logs/20230209T080759/remoteagent.log
(use -f to force removal)
2023-02-09 09:09:05.145 [info] > git status -z -uall [6ms]
2023-02-09 09:09:05.146 [info] > git remote --verbose [10ms]
2023-02-09 09:09:05.146 [info] > git for-each-ref --sort -committerdate --format %(refname) %(objectname) %(*objectname) [16ms]
2023-02-09 09:09:05.149 [info] > git config --get commit.template [5ms]
2023-02-09 09:09:05.155 [info] > git for-each-ref --format=%(refname)%00%(upstream:short)%00%(objectname)%00%(upstream:track)%00%(upstream:remotename)%00%(upstream:remoteref) refs/heads/master refs/remotes/master [2ms]
2023-02-09 09:09:10.179 [info] > git status -z -uall [6ms]
2023-02-09 09:09:10.179 [info] > git remote --verbose [11ms]
2023-02-09 09:09:10.180 [info] > git for-each-ref --sort -committerdate --format %(refname) %(objectname) %(*objectname) [17ms]
2023-02-09 09:09:10.181 [info] > git config --get commit.template [2ms]
2023-02-09 09:09:10.190 [info] > git for-each-ref --format=%(refname)%00%(upstream:short)%00%(objectname)%00%(upstream:track)%00%(upstream:remotename)%00%(upstream:remoteref) refs/heads/master refs/remotes/master [2ms]
2023-02-09 09:09:15.205 [info] > git status -z -uall [11ms]
2023-02-09 09:09:15.207 [info] > git remote --verbose [19ms]
2023-02-09 09:09:15.207 [info] > git for-each-ref --sort -committerdate --format %(refname) %(objectname) %(*objectname) [27ms]
2023-02-09 09:09:15.209 [info] > git config --get commit.template [3ms]
2023-02-09 09:09:15.224 [info] > git for-each-ref --format=%(refname)%00%(upstream:short)%00%(objectname)%00%(upstream:track)%00%(upstream:remotename)%00%(upstream:remoteref) refs/heads/master refs/remotes/master [3ms]
2023-02-09 09:09:20.248 [info] > git remote --verbose [7ms]
2023-02-09 09:09:20.249 [info] > git for-each-ref --sort -committerdate --format %(refname) %(objectname) %(*objectname) [12ms]
2023-02-09 09:09:20.255 [info] > git status -z -uall [9ms]
2023-02-09 09:09:20.257 [info] > git config --get commit.template [2ms]
2023-02-09 09:09:20.265 [info] > git for-each-ref --format=%(refname)%00%(upstream:short)%00%(objectname)%00%(upstream:track)%00%(upstream:remotename)%00%(upstream:remoteref) refs/heads/master refs/remotes/master [2ms]
2023-02-09 09:09:25.293 [info] > git status -z -uall [6ms]
2023-02-09 09:09:25.294 [info] > git remote --verbose [11ms]
2023-02-09 09:09:25.294 [info] > git for-each-ref --sort -committerdate --format %(refname) %(objectname) %(*objectname) [17ms]
2023-02-09 09:09:25.295 [info] > git config --get commit.template [3ms]
2023-02-09 09:09:25.303 [info] > git for-each-ref --format=%(refname)%00%(upstream:short)%00%(objectname)%00%(upstream:track)%00%(upstream:remotename)%00%(upstream:remoteref) refs/heads/master refs/remotes/master [1ms]
2023-02-09 09:09:25.947 [info] > git check-ignore -v -z --stdin [1ms]
2023-02-09 09:09:29.293 [info] > git check-ignore -v -z --stdin [1ms]
2023-02-09 09:09:30.331 [info] > git status -z -uall [6ms]
2023-02-09 09:09:30.332 [info] > git remote --verbose [12ms]
2023-02-09 09:09:30.333 [info] > git for-each-ref --sort -committerdate --format %(refname) %(objectname) %(*objectname) [18ms]
2023-02-09 09:09:30.335 [info] > git config --get commit.template [4ms]
2023-02-09 09:09:30.346 [info] > git for-each-ref --format=%(refname)%00%(upstream:short)%00%(objectname)%00%(upstream:track)%00%(upstream:remotename)%00%(upstream:remoteref) refs/heads/master refs/remotes/master [3ms]
2023-02-09 09:09:32.178 [info] > git log --format=%H%n%aN%n%aE%n%at%n%ct%n%P%n%D%n%B -z -n21 -- /home/coder/.profile [2ms]
2023-02-09 09:09:32.178 [info] fatal: your current branch 'master' does not have any commits yet
2023-02-09 09:09:32.405 [info] > git show --textconv :.profile [9ms]
2023-02-09 09:09:32.408 [info] > git ls-files --stage -- /home/coder/.profile [3ms]
2023-02-09 09:09:32.915 [info] > git log --format=%H%n%aN%n%aE%n%at%n%ct%n%P%n%D%n%B -z -n21 -- /home/coder/.bashrc [2ms]
2023-02-09 09:09:32.915 [info] fatal: your current branch 'master' does not have any commits yet
2023-02-09 09:09:33.118 [info] > git show --textconv :.bashrc [5ms]
2023-02-09 09:09:33.120 [info] > git ls-files --stage -- /home/coder/.bashrc [1ms]
2023-02-09 09:09:35.249 [info] > git log --format=%H%n%aN%n%aE%n%at%n%ct%n%P%n%D%n%B -z -n21 -- /home/coder/.config/code-server/config.yaml [3ms]
2023-02-09 09:09:35.249 [info] fatal: your current branch 'master' does not have any commits yet
2023-02-09 09:09:35.369 [info] > git status -z -uall [7ms]
2023-02-09 09:09:35.370 [info] > git remote --verbose [11ms]
2023-02-09 09:09:35.370 [info] > git for-each-ref --sort -committerdate --format %(refname) %(objectname) %(*objectname) [16ms]
2023-02-09 09:09:35.371 [info] > git config --get commit.template [3ms]
2023-02-09 09:09:35.380 [info] > git for-each-ref --format=%(refname)%00%(upstream:short)%00%(objectname)%00%(upstream:track)%00%(upstream:remotename)%00%(upstream:remoteref) refs/heads/master refs/remotes/master [2ms]
2023-02-09 09:09:35.449 [info] > git show --textconv :.config/code-server/config.yaml [6ms]
2023-02-09 09:09:35.450 [info] > git ls-files --stage -- /home/coder/.config/code-server/config.yaml [2ms]
2023-02-09 09:09:40.402 [info] > git remote --verbose [6ms]
2023-02-09 09:09:40.402 [info] > git for-each-ref --sort -committerdate --format %(refname) %(objectname) %(*objectname) [12ms]
2023-02-09 09:09:40.408 [info] > git status -z -uall [8ms]
2023-02-09 09:09:40.409 [info] > git config --get commit.template [2ms]
2023-02-09 09:09:40.416 [info] > git for-each-ref --format=%(refname)%00%(upstream:short)%00%(objectname)%00%(upstream:track)%00%(upstream:remotename)%00%(upstream:remoteref) refs/heads/master refs/remotes/master [2ms]
2023-02-09 09:09:44.488 [info] > git log --format=%H%n%aN%n%aE%n%at%n%ct%n%P%n%D%n%B -z -n21 -- /home/coder/.bash_logout [1ms]
2023-02-09 09:09:44.488 [info] fatal: your current branch 'master' does not have any commits yet
2023-02-09 09:09:44.697 [info] > git show --textconv :.bash_logout [6ms]
2023-02-09 09:09:44.699 [info] > git ls-files --stage -- /home/coder/.bash_logout [1ms]
2023-02-09 09:09:45.422 [info] > git status -z -uall [6ms]
2023-02-09 09:09:45.423 [info] > git remote --verbose [11ms]
2023-02-09 09:09:45.423 [info] > git for-each-ref --sort -committerdate --format %(refname) %(objectname) %(*objectname) [16ms]
2023-02-09 09:09:45.424 [info] > git config --get commit.template [2ms]
2023-02-09 09:09:45.432 [info] > git for-each-ref --format=%(refname)%00%(upstream:short)%00%(objectname)%00%(upstream:track)%00%(upstream:remotename)%00%(upstream:remoteref) refs/heads/master refs/remotes/master [1ms]
2023-02-09 09:09:50.454 [info] > git status -z -uall [2ms]
2023-02-09 09:09:50.455 [info] > git remote --verbose [7ms]
2023-02-09 09:09:50.455 [info] > git for-each-ref --sort -committerdate --format %(refname) %(objectname) %(*objectname) [13ms]
2023-02-09 09:09:50.463 [info] > git config --get commit.template [3ms]
2023-02-09 09:09:50.470 [info] > git for-each-ref --format=%(refname)%00%(upstream:short)%00%(objectname)%00%(upstream:track)%00%(upstream:remotename)%00%(upstream:remoteref) refs/heads/master refs/remotes/master [2ms]
2023-02-09 09:09:55.495 [info] > git status -z -uall [5ms]
2023-02-09 09:09:55.496 [info] > git remote --verbose [10ms]
2023-02-09 09:09:55.496 [info] > git for-each-ref --sort -committerdate --format %(refname) %(objectname) %(*objectname) [15ms]
2023-02-09 09:09:55.497 [info] > git config --get commit.template [3ms]
2023-02-09 09:09:55.507 [info] > git for-each-ref --format=%(refname)%00%(upstream:short)%00%(objectname)%00%(upstream:track)%00%(upstream:remotename)%00%(upstream:remoteref) refs/heads/master refs/remotes/master [2ms]
2023-02-09 09:10:00.540 [info] > git status -z -uall [12ms]
2023-02-09 09:10:00.540 [info] > git remote --verbose [18ms]
2023-02-09 09:10:00.541 [info] > git for-each-ref --sort -committerdate --format %(refname) %(objectname) %(*objectname) [23ms]
2023-02-09 09:10:00.541 [info] > git config --get commit.template [8ms]
2023-02-09 09:10:00.553 [info] > git for-each-ref --format=%(refname)%00%(upstream:short)%00%(objectname)%00%(upstream:track)%00%(upstream:remotename)%00%(upstream:remoteref) refs/heads/master refs/remotes/master [3ms]
2023-02-09 09:10:05.579 [info] > git status -z -uall [5ms]
2023-02-09 09:10:05.579 [info] > git remote --verbose [11ms]
2023-02-09 09:10:05.580 [info] > git for-each-ref --sort -committerdate --format %(refname) %(objectname) %(*objectname) [16ms]
2023-02-09 09:10:05.580 [info] > git config --get commit.template [2ms]
2023-02-09 09:10:05.587 [info] > git for-each-ref --format=%(refname)%00%(upstream:short)%00%(objectname)%00%(upstream:track)%00%(upstream:remotename)%00%(upstream:remoteref) refs/heads/master refs/remotes/master [1ms]
2023-02-09 09:10:10.613 [info] > git status -z -uall [6ms]
2023-02-09 09:10:10.613 [info] > git remote --verbose [11ms]
2023-02-09 09:10:10.614 [info] > git for-each-ref --sort -committerdate --format %(refname) %(objectname) %(*objectname) [17ms]
2023-02-09 09:10:10.615 [info] > git config --get commit.template [2ms]
2023-02-09 09:10:10.621 [info] > git for-each-ref --format=%(refname)%00%(upstream:short)%00%(objectname)%00%(upstream:track)%00%(upstream:remotename)%00%(upstream:remoteref) refs/heads/master refs/remotes/master [2ms]
2023-02-09 09:10:15.625 [info] > git status -z -uall [6ms]
2023-02-09 09:10:15.626 [info] > git remote --verbose [10ms]
2023-02-09 09:10:15.626 [info] > git for-each-ref --sort -committerdate --format %(refname) %(objectname) %(*objectname) [16ms]
2023-02-09 09:10:15.627 [info] > git config --get commit.template [2ms]
2023-02-09 09:10:15.634 [info] > git for-each-ref --format=%(refname)%00%(upstream:short)%00%(objectname)%00%(upstream:track)%00%(upstream:remotename)%00%(upstream:remoteref) refs/heads/master refs/remotes/master [1ms]
2023-02-09 09:10:20.659 [info] > git status -z -uall [6ms]
2023-02-09 09:10:20.660 [info] > git remote --verbose [10ms]
2023-02-09 09:10:20.660 [info] > git for-each-ref --sort -committerdate --format %(refname) %(objectname) %(*objectname) [16ms]
2023-02-09 09:10:20.661 [info] > git config --get commit.template [3ms]
2023-02-09 09:10:20.671 [info] > git for-each-ref --format=%(refname)%00%(upstream:short)%00%(objectname)%00%(upstream:track)%00%(upstream:remotename)%00%(upstream:remoteref) refs/heads/master refs/remotes/master [2ms]
2023-02-09 09:10:25.699 [info] > git status -z -uall [6ms]
2023-02-09 09:10:25.700 [info] > git remote --verbose [11ms]
2023-02-09 09:10:25.700 [info] > git for-each-ref --sort -committerdate --format %(refname) %(objectname) %(*objectname) [17ms]
2023-02-09 09:10:25.701 [info] > git config --get commit.template [2ms]
2023-02-09 09:10:25.708 [info] > git for-each-ref --format=%(refname)%00%(upstream:short)%00%(objectname)%00%(upstream:track)%00%(upstream:remotename)%00%(upstream:remoteref) refs/heads/master refs/remotes/master [2ms]
2023-02-09 09:10:30.729 [info] > git status -z -uall [6ms]
2023-02-09 09:10:30.729 [info] > git remote --verbose [10ms]
2023-02-09 09:10:30.730 [info] > git for-each-ref --sort -committerdate --format %(refname) %(objectname) %(*objectname) [15ms]
2023-02-09 09:10:30.730 [info] > git config --get commit.template [2ms]
2023-02-09 09:10:30.737 [info] > git for-each-ref --format=%(refname)%00%(upstream:short)%00%(objectname)%00%(upstream:track)%00%(upstream:remotename)%00%(upstream:remoteref) refs/heads/master refs/remotes/master [1ms]
2023-02-09 09:10:35.763 [info] > git status -z -uall [5ms]
2023-02-09 09:10:35.764 [info] > git remote --verbose [10ms]
2023-02-09 09:10:35.764 [info] > git for-each-ref --sort -committerdate --format %(refname) %(objectname) %(*objectname) [15ms]
2023-02-09 09:10:35.765 [info] > git config --get commit.template [2ms]
2023-02-09 09:10:35.773 [info] > git for-each-ref --format=%(refname)%00%(upstream:short)%00%(objectname)%00%(upstream:track)%00%(upstream:remotename)%00%(upstream:remoteref) refs/heads/master refs/remotes/master [2ms]
2023-02-09 09:10:40.799 [info] > git status -z -uall [6ms]
2023-02-09 09:10:40.799 [info] > git remote --verbose [11ms]
2023-02-09 09:10:40.800 [info] > git for-each-ref --sort -committerdate --format %(refname) %(objectname) %(*objectname) [16ms]
2023-02-09 09:10:40.800 [info] > git config --get commit.template [2ms]
2023-02-09 09:10:40.808 [info] > git for-each-ref --format=%(refname)%00%(upstream:short)%00%(objectname)%00%(upstream:track)%00%(upstream:remotename)%00%(upstream:remoteref) refs/heads/master refs/remotes/master [2ms]
2023-02-09 09:10:45.816 [info] > git status -z -uall [7ms]
2023-02-09 09:10:45.817 [info] > git remote --verbose [14ms]
2023-02-09 09:10:45.817 [info] > git for-each-ref --sort -committerdate --format %(refname) %(objectname) %(*objectname) [21ms]
2023-02-09 09:10:45.818 [info] > git config --get commit.template [3ms]
2023-02-09 09:10:45.828 [info] > git for-each-ref --format=%(refname)%00%(upstream:short)%00%(objectname)%00%(upstream:track)%00%(upstream:remotename)%00%(upstream:remoteref) refs/heads/master refs/remotes/master [2ms]
2023-02-09 09:10:50.855 [info] > git status -z -uall [7ms]
2023-02-09 09:10:50.855 [info] > git remote --verbose [13ms]
2023-02-09 09:10:50.856 [info] > git for-each-ref --sort -committerdate --format %(refname) %(objectname) %(*objectname) [17ms]
2023-02-09 09:10:50.857 [info] > git config --get commit.template [2ms]
2023-02-09 09:10:50.868 [info] > git for-each-ref --format=%(refname)%00%(upstream:short)%00%(objectname)%00%(upstream:track)%00%(upstream:remotename)%00%(upstream:remoteref) refs/heads/master refs/remotes/master [4ms]
2023-02-09 09:10:51.579 [info] > git -c user.useConfigOnly=true commit --quiet [8ms]
2023-02-09 09:10:51.579 [info] Author identity unknown

*** Please tell me who you are.

Run

  git config --global user.email "you@example.com"
  git config --global user.name "Your Name"

to set your account's default identity.
Omit --global to set the identity only in this repository.

fatal: no email was given and auto-detection is disabled
2023-02-09 09:10:51.587 [info] > git config --get-all user.name [1ms]
2023-02-09 09:10:55.895 [info] > git status -z -uall [7ms]
2023-02-09 09:10:55.895 [info] > git remote --verbose [13ms]
2023-02-09 09:10:55.896 [info] > git for-each-ref --sort -committerdate --format %(refname) %(objectname) %(*objectname) [18ms]
2023-02-09 09:10:55.897 [info] > git config --get commit.template [4ms]
2023-02-09 09:10:55.906 [info] > git for-each-ref --format=%(refname)%00%(upstream:short)%00%(objectname)%00%(upstream:track)%00%(upstream:remotename)%00%(upstream:remoteref) refs/heads/master refs/remotes/master [2ms]
2023-02-09 09:11:00.929 [info] > git status -z -uall [6ms]
2023-02-09 09:11:00.930 [info] > git remote --verbose [11ms]
2023-02-09 09:11:00.930 [info] > git for-each-ref --sort -committerdate --format %(refname) %(objectname) %(*objectname) [16ms]
2023-02-09 09:11:00.931 [info] > git config --get commit.template [2ms]
2023-02-09 09:11:00.940 [info] > git for-each-ref --format=%(refname)%00%(upstream:short)%00%(objectname)%00%(upstream:track)%00%(upstream:remotename)%00%(upstream:remoteref) refs/heads/master refs/remotes/master [1ms]
2023-02-09 09:11:05.964 [info] > git status -z -uall [6ms]
2023-02-09 09:11:05.965 [info] > git remote --verbose [11ms]
2023-02-09 09:11:05.966 [info] > git for-each-ref --sort -committerdate --format %(refname) %(objectname) %(*objectname) [16ms]
2023-02-09 09:11:05.966 [info] > git config --get commit.template [2ms]
2023-02-09 09:11:05.974 [info] > git for-each-ref --format=%(refname)%00%(upstream:short)%00%(objectname)%00%(upstream:track)%00%(upstream:remotename)%00%(upstream:remoteref) refs/heads/master refs/remotes/master [1ms]
2023-02-09 09:11:10.977 [info] > git status -z -uall [6ms]
2023-02-09 09:11:10.977 [info] > git remote --verbose [10ms]
2023-02-09 09:11:10.978 [info] > git for-each-ref --sort -committerdate --format %(refname) %(objectname) %(*objectname) [15ms]
2023-02-09 09:11:10.978 [info] > git config --get commit.template [2ms]
2023-02-09 09:11:10.987 [info] > git for-each-ref --format=%(refname)%00%(upstream:short)%00%(objectname)%00%(upstream:track)%00%(upstream:remotename)%00%(upstream:remoteref) refs/heads/master refs/remotes/master [2ms]
2023-02-09 09:11:16.012 [info] > git status -z -uall [8ms]
2023-02-09 09:11:16.012 [info] > git remote --verbose [13ms]
2023-02-09 09:11:16.013 [info] > git for-each-ref --sort -committerdate --format %(refname) %(objectname) %(*objectname) [18ms]
2023-02-09 09:11:16.014 [info] > git config --get commit.template [3ms]
2023-02-09 09:11:16.027 [info] > git for-each-ref --format=%(refname)%00%(upstream:short)%00%(objectname)%00%(upstream:track)%00%(upstream:remotename)%00%(upstream:remoteref) refs/heads/master refs/remotes/master [2ms]
2023-02-09 09:11:21.053 [info] > git status -z -uall [6ms]
2023-02-09 09:11:21.053 [info] > git remote --verbose [11ms]
2023-02-09 09:11:21.054 [info] > git for-each-ref --sort -committerdate --format %(refname) %(objectname) %(*objectname) [16ms]
2023-02-09 09:11:21.055 [info] > git config --get commit.template [2ms]
2023-02-09 09:11:21.063 [info] > git for-each-ref --format=%(refname)%00%(upstream:short)%00%(objectname)%00%(upstream:track)%00%(upstream:remotename)%00%(upstream:remoteref) refs/heads/master refs/remotes/master [1ms]
2023-02-09 09:11:26.084 [info] > git status -z -uall [5ms]
2023-02-09 09:11:26.085 [info] > git remote --verbose [9ms]
2023-02-09 09:11:26.085 [info] > git for-each-ref --sort -committerdate --format %(refname) %(objectname) %(*objectname) [15ms]
2023-02-09 09:11:26.086 [info] > git config --get commit.template [1ms]
2023-02-09 09:11:26.092 [info] > git for-each-ref --format=%(refname)%00%(upstream:short)%00%(objectname)%00%(upstream:track)%00%(upstream:remotename)%00%(upstream:remoteref) refs/heads/master refs/remotes/master [2ms]
2023-02-09 09:11:31.118 [info] > git status -z -uall [6ms]
2023-02-09 09:11:31.119 [info] > git remote --verbose [11ms]
2023-02-09 09:11:31.119 [info] > git for-each-ref --sort -committerdate --format %(refname) %(objectname) %(*objectname) [17ms]
2023-02-09 09:11:31.120 [info] > git config --get commit.template [2ms]
2023-02-09 09:11:31.126 [info] > git for-each-ref --format=%(refname)%00%(upstream:short)%00%(objectname)%00%(upstream:track)%00%(upstream:remotename)%00%(upstream:remoteref) refs/heads/master refs/remotes/master [1ms]
2023-02-09 09:11:31.797 [info] > git check-ignore -v -z --stdin [1ms]
2023-02-09 09:11:36.150 [info] > git status -z -uall [6ms]
2023-02-09 09:11:36.151 [info] > git remote --verbose [11ms]
2023-02-09 09:11:36.151 [info] > git for-each-ref --sort -committerdate --format %(refname) %(objectname) %(*objectname) [16ms]
2023-02-09 09:11:36.152 [info] > git config --get commit.template [2ms]
2023-02-09 09:11:36.160 [info] > git for-each-ref --format=%(refname)%00%(upstream:short)%00%(objectname)%00%(upstream:track)%00%(upstream:remotename)%00%(upstream:remoteref) refs/heads/master refs/remotes/master [2ms]
2023-02-09 09:11:41.169 [info] > git status -z -uall [6ms]
2023-02-09 09:11:41.170 [info] > git remote --verbose [12ms]
2023-02-09 09:11:41.170 [info] > git for-each-ref --sort -committerdate --format %(refname) %(objectname) %(*objectname) [17ms]
2023-02-09 09:11:41.171 [info] > git config --get commit.template [2ms]
2023-02-09 09:11:41.179 [info] > git for-each-ref --format=%(refname)%00%(upstream:short)%00%(objectname)%00%(upstream:track)%00%(upstream:remotename)%00%(upstream:remoteref) refs/heads/master refs/remotes/master [2ms]
2023-02-09 09:11:46.197 [info] > git remote --verbose [6ms]
2023-02-09 09:11:46.198 [info] > git for-each-ref --sort -committerdate --format %(refname) %(objectname) %(*objectname) [11ms]
2023-02-09 09:11:46.203 [info] > git status -z -uall [7ms]
2023-02-09 09:11:46.205 [info] > git config --get commit.template [1ms]
2023-02-09 09:11:46.213 [info] > git for-each-ref --format=%(refname)%00%(upstream:short)%00%(objectname)%00%(upstream:track)%00%(upstream:remotename)%00%(upstream:remoteref) refs/heads/master refs/remotes/master [1ms]
2023-02-09 09:11:51.233 [info] > git status -z -uall [5ms]
2023-02-09 09:11:51.234 [info] > git remote --verbose [9ms]
2023-02-09 09:11:51.234 [info] > git for-each-ref --sort -committerdate --format %(refname) %(objectname) %(*objectname) [14ms]
2023-02-09 09:11:51.235 [info] > git config --get commit.template [2ms]
2023-02-09 09:11:51.246 [info] > git for-each-ref --format=%(refname)%00%(upstream:short)%00%(objectname)%00%(upstream:track)%00%(upstream:remotename)%00%(upstream:remoteref) refs/heads/master refs/remotes/master [2ms]
2023-02-09 09:11:56.273 [info] > git status -z -uall [6ms]
2023-02-09 09:11:56.274 [info] > git remote --verbose [12ms]
2023-02-09 09:11:56.275 [info] > git for-each-ref --sort -committerdate --format %(refname) %(objectname) %(*objectname) [17ms]
2023-02-09 09:11:56.276 [info] > git config --get commit.template [2ms]
2023-02-09 09:11:56.283 [info] > git for-each-ref --format=%(refname)%00%(upstream:short)%00%(objectname)%00%(upstream:track)%00%(upstream:remotename)%00%(upstream:remoteref) refs/heads/master refs/remotes/master [1ms]
2023-02-09 09:12:01.313 [info] > git status -z -uall [5ms]
2023-02-09 09:12:01.313 [info] > git remote --verbose [12ms]
2023-02-09 09:12:01.314 [info] > git for-each-ref --sort -committerdate --format %(refname) %(objectname) %(*objectname) [17ms]
2023-02-09 09:12:01.314 [info] > git config --get commit.template [2ms]
2023-02-09 09:12:01.321 [info] > git for-each-ref --format=%(refname)%00%(upstream:short)%00%(objectname)%00%(upstream:track)%00%(upstream:remotename)%00%(upstream:remoteref) refs/heads/master refs/remotes/master [1ms]
2023-02-09 09:12:06.431 [info] > git show --textconv :.git/COMMIT_EDITMSG [5ms]
2023-02-09 09:12:06.432 [info] > git ls-files --stage -- /home/coder/.git/COMMIT_EDITMSG [2ms]
2023-02-09 09:12:06.788 [info] > git check-ignore -v -z --stdin [2ms]
2023-02-09 09:12:07.267 [info] > git ls-files --stage -- /home/coder/.git/COMMIT_EDITMSG [0ms]
2023-02-09 09:12:07.282 [info] > git show --textconv :.git/COMMIT_EDITMSG [1ms]
2023-02-09 09:12:18.980 [info] > git -c user.useConfigOnly=true commit --quiet [12886ms]
2023-02-09 09:12:18.980 [info] Aborting commit due to empty commit message.
2023-02-09 09:12:19.005 [info] > git status -z -uall [6ms]
2023-02-09 09:12:19.005 [info] > git remote --verbose [13ms]
2023-02-09 09:12:19.005 [info] > git for-each-ref --sort -committerdate --format %(refname) %(objectname) %(*objectname) [17ms]
2023-02-09 09:12:19.007 [info] > git config --get commit.template [2ms]
2023-02-09 09:12:19.016 [info] > git for-each-ref --format=%(refname)%00%(upstream:short)%00%(objectname)%00%(upstream:track)%00%(upstream:remotename)%00%(upstream:remoteref) refs/heads/master refs/remotes/master [1ms]
2023-02-09 09:12:19.694 [info] > git check-ignore -v -z --stdin [1ms]
2023-02-09 09:12:24.043 [info] > git status -z -uall [6ms]
2023-02-09 09:12:24.044 [info] > git remote --verbose [11ms]
2023-02-09 09:12:24.044 [info] > git for-each-ref --sort -committerdate --format %(refname) %(objectname) %(*objectname) [17ms]
2023-02-09 09:12:24.045 [info] > git config --get commit.template [3ms]
2023-02-09 09:12:24.054 [info] > git for-each-ref --format=%(refname)%00%(upstream:short)%00%(objectname)%00%(upstream:track)%00%(upstream:remotename)%00%(upstream:remoteref) refs/heads/master refs/remotes/master [2ms]
