2023-02-09 09:07:10.658 [info] Extension host with pid 11201 started
2023-02-09 09:07:10.686 [info] Lock '/home/coder/.local/share/code-server/User/workspaceStorage/d1b2131/vscode.lock': Lock acquired.
2023-02-09 09:07:10.714 [info] ExtensionService#_doActivateExtension vscode.configuration-editing, startup: false, activationEvent: 'onLanguage:jsonc'
2023-02-09 09:07:10.716 [info] ExtensionService#_doActivateExtension vscode.json-language-features, startup: false, activationEvent: 'onLanguage:jsonc'
2023-02-09 09:07:10.717 [info] ExtensionService#_doActivateExtension vscode.typescript-language-features, startup: false, activationEvent: 'onLanguage:jsonc'
2023-02-09 09:07:10.717 [info] ExtensionService#_doActivateExtension vscode.git-base, startup: true, activationEvent: '*', root cause: vscode.git
2023-02-09 09:07:10.995 [info] ExtensionService#_doActivateExtension vscode.git, startup: true, activationEvent: '*'
2023-02-09 09:07:10.996 [info] ExtensionService#_doActivateExtension vscode.github, startup: true, activationEvent: '*'
2023-02-09 09:07:11.230 [info] ExtensionService#_doActivateExtension vscode.debug-auto-launch, startup: false, activationEvent: 'onStartupFinished'
2023-02-09 09:07:11.231 [info] ExtensionService#_doActivateExtension vscode.emmet, startup: false, activationEvent: 'onStartupFinished'
2023-02-09 09:07:11.231 [info] ExtensionService#_doActivateExtension vscode.merge-conflict, startup: false, activationEvent: 'onStartupFinished'
2023-02-09 09:07:11.232 [info] Eager extensions activated
2023-02-09 09:07:18.058 [error] Error: Client network socket disconnected before secure TLS connection was established
	at connResetException (node:internal/errors:705:14)
	at TLSSocket.onConnectEnd (node:_tls_wrap:1594:19)
	at TLSSocket.emit (node:events:525:35)
	at endReadableNT (node:internal/streams/readable:1358:12)
	at processTicksAndRejections (node:internal/process/task_queues:83:21)
2023-02-09 09:07:23.261 [error] Error: Client network socket disconnected before secure TLS connection was established
	at connResetException (node:internal/errors:705:14)
	at TLSSocket.onConnectEnd (node:_tls_wrap:1594:19)
	at TLSSocket.emit (node:events:525:35)
	at endReadableNT (node:internal/streams/readable:1358:12)
	at processTicksAndRejections (node:internal/process/task_queues:83:21)
