2023-02-09 09:00:12.223 [info] Validating found git in: git
2023-02-09 09:00:12.223 [info] Using git 2.30.2 from git
2023-02-09 09:00:12.223 [info] > git rev-parse --show-toplevel [37ms]
2023-02-09 09:00:12.223 [info] fatal: not a git repository (or any of the parent directories): .git
2023-02-09 09:00:12.223 [info] > git rev-parse --show-toplevel [18ms]
2023-02-09 09:00:12.223 [info] fatal: not a git repository (or any of the parent directories): .git
2023-02-09 09:00:12.223 [info] > git rev-parse --show-toplevel [6ms]
2023-02-09 09:00:12.223 [info] fatal: not a git repository (or any of the parent directories): .git
2023-02-09 09:00:12.223 [info] > git rev-parse --show-toplevel [3ms]
2023-02-09 09:00:12.223 [info] fatal: not a git repository (or any of the parent directories): .git
2023-02-09 09:00:12.223 [info] > git rev-parse --show-toplevel [2ms]
2023-02-09 09:00:12.224 [info] fatal: not a git repository (or any of the parent directories): .git
2023-02-09 09:00:12.306 [info] > git rev-parse --show-toplevel [2ms]
2023-02-09 09:00:12.306 [info] fatal: not a git repository (or any of the parent directories): .git
2023-02-09 09:00:47.713 [info] > git init [31ms]
2023-02-09 09:00:47.713 [info] hint: Using 'master' as the name for the initial branch. This default branch name
hint: is subject to change. To configure the initial branch name to use in all
hint: of your new repositories, which will suppress this warning, call:
hint: 
hint: 	git config --global init.defaultBranch <name>
hint: 
hint: Names commonly chosen instead of 'master' are 'main', 'trunk' and
hint: 'development'. The just-created branch can be renamed via this command:
hint: 
hint: 	git branch -m <name>
2023-02-09 09:00:48.284 [info] > git rev-parse --show-toplevel [2ms]
2023-02-09 09:00:48.290 [info] > git rev-parse --git-dir --git-common-dir [2ms]
2023-02-09 09:00:48.304 [info] Log level: Info
2023-02-09 09:00:48.304 [info] Open repository: /home/coder
2023-02-09 09:00:48.325 [info] > git remote --verbose [11ms]
2023-02-09 09:00:48.325 [info] > git for-each-ref --sort -committerdate --format %(refname) %(objectname) %(*objectname) [16ms]
2023-02-09 09:00:48.326 [info] > git status -z -uall [8ms]
2023-02-09 09:00:48.328 [info] > git config --get commit.template [3ms]
2023-02-09 09:00:48.336 [info] > git for-each-ref --format=%(refname)%00%(upstream:short)%00%(objectname)%00%(upstream:track)%00%(upstream:remotename)%00%(upstream:remoteref) refs/heads/master refs/remotes/master [1ms]
2023-02-09 09:00:48.362 [info] > git status -z -uall [7ms]
2023-02-09 09:00:48.363 [info] > git remote --verbose [11ms]
2023-02-09 09:00:48.363 [info] > git for-each-ref --sort -committerdate --format %(refname) %(objectname) %(*objectname) [17ms]
2023-02-09 09:00:48.365 [info] > git config --get commit.template [3ms]
2023-02-09 09:00:48.370 [info] > git for-each-ref --format=%(refname)%00%(upstream:short)%00%(objectname)%00%(upstream:track)%00%(upstream:remotename)%00%(upstream:remoteref) refs/heads/master refs/remotes/master [1ms]
2023-02-09 09:00:49.318 [info] > git check-ignore -v -z --stdin [3ms]
2023-02-09 09:00:51.891 [info] > git status -z -uall [9ms]
2023-02-09 09:00:51.892 [info] > git remote --verbose [14ms]
2023-02-09 09:00:51.892 [info] > git for-each-ref --sort -committerdate --format %(refname) %(objectname) %(*objectname) [20ms]
2023-02-09 09:00:51.893 [info] > git config --get commit.template [3ms]
2023-02-09 09:00:51.904 [info] > git for-each-ref --format=%(refname)%00%(upstream:short)%00%(objectname)%00%(upstream:track)%00%(upstream:remotename)%00%(upstream:remoteref) refs/heads/master refs/remotes/master [3ms]
2023-02-09 09:00:56.933 [info] > git status -z -uall [5ms]
2023-02-09 09:00:56.933 [info] > git remote --verbose [11ms]
2023-02-09 09:00:56.934 [info] > git for-each-ref --sort -committerdate --format %(refname) %(objectname) %(*objectname) [15ms]
2023-02-09 09:00:56.935 [info] > git config --get commit.template [2ms]
2023-02-09 09:00:56.943 [info] > git for-each-ref --format=%(refname)%00%(upstream:short)%00%(objectname)%00%(upstream:track)%00%(upstream:remotename)%00%(upstream:remoteref) refs/heads/master refs/remotes/master [1ms]
2023-02-09 09:01:01.974 [info] > git status -z -uall [8ms]
2023-02-09 09:01:01.975 [info] > git remote --verbose [14ms]
2023-02-09 09:01:01.976 [info] > git for-each-ref --sort -committerdate --format %(refname) %(objectname) %(*objectname) [20ms]
2023-02-09 09:01:01.977 [info] > git config --get commit.template [3ms]
2023-02-09 09:01:01.985 [info] > git for-each-ref --format=%(refname)%00%(upstream:short)%00%(objectname)%00%(upstream:track)%00%(upstream:remotename)%00%(upstream:remoteref) refs/heads/master refs/remotes/master [2ms]
2023-02-09 09:01:07.014 [info] > git status -z -uall [5ms]
2023-02-09 09:01:07.015 [info] > git remote --verbose [11ms]
2023-02-09 09:01:07.015 [info] > git for-each-ref --sort -committerdate --format %(refname) %(objectname) %(*objectname) [16ms]
2023-02-09 09:01:07.018 [info] > git config --get commit.template [4ms]
2023-02-09 09:01:07.027 [info] > git for-each-ref --format=%(refname)%00%(upstream:short)%00%(objectname)%00%(upstream:track)%00%(upstream:remotename)%00%(upstream:remoteref) refs/heads/master refs/remotes/master [2ms]
2023-02-09 09:01:12.032 [info] > git status -z -uall [6ms]
2023-02-09 09:01:12.033 [info] > git remote --verbose [12ms]
2023-02-09 09:01:12.034 [info] > git for-each-ref --sort -committerdate --format %(refname) %(objectname) %(*objectname) [17ms]
2023-02-09 09:01:12.035 [info] > git config --get commit.template [2ms]
2023-02-09 09:01:12.042 [info] > git for-each-ref --format=%(refname)%00%(upstream:short)%00%(objectname)%00%(upstream:track)%00%(upstream:remotename)%00%(upstream:remoteref) refs/heads/master refs/remotes/master [2ms]
2023-02-09 09:01:17.089 [info] > git status -z -uall [12ms]
2023-02-09 09:01:17.089 [info] > git remote --verbose [22ms]
2023-02-09 09:01:17.090 [info] > git for-each-ref --sort -committerdate --format %(refname) %(objectname) %(*objectname) [33ms]
2023-02-09 09:01:17.093 [info] > git config --get commit.template [3ms]
2023-02-09 09:01:17.116 [info] > git for-each-ref --format=%(refname)%00%(upstream:short)%00%(objectname)%00%(upstream:track)%00%(upstream:remotename)%00%(upstream:remoteref) refs/heads/master refs/remotes/master [3ms]
2023-02-09 09:01:22.149 [info] > git status -z -uall [6ms]
2023-02-09 09:01:22.149 [info] > git remote --verbose [12ms]
2023-02-09 09:01:22.150 [info] > git for-each-ref --sort -committerdate --format %(refname) %(objectname) %(*objectname) [18ms]
2023-02-09 09:01:22.151 [info] > git config --get commit.template [2ms]
2023-02-09 09:01:22.159 [info] > git for-each-ref --format=%(refname)%00%(upstream:short)%00%(objectname)%00%(upstream:track)%00%(upstream:remotename)%00%(upstream:remoteref) refs/heads/master refs/remotes/master [2ms]
2023-02-09 09:01:27.185 [info] > git status -z -uall [8ms]
2023-02-09 09:01:27.186 [info] > git remote --verbose [12ms]
2023-02-09 09:01:27.186 [info] > git for-each-ref --sort -committerdate --format %(refname) %(objectname) %(*objectname) [18ms]
2023-02-09 09:01:27.188 [info] > git config --get commit.template [3ms]
2023-02-09 09:01:27.198 [info] > git for-each-ref --format=%(refname)%00%(upstream:short)%00%(objectname)%00%(upstream:track)%00%(upstream:remotename)%00%(upstream:remoteref) refs/heads/master refs/remotes/master [2ms]
2023-02-09 09:01:28.316 [info] > git add -A -- /home/coder/.bash_logout [21ms]
2023-02-09 09:01:28.335 [info] > git status -z -uall [5ms]
2023-02-09 09:01:28.335 [info] > git remote --verbose [10ms]
2023-02-09 09:01:28.336 [info] > git for-each-ref --sort -committerdate --format %(refname) %(objectname) %(*objectname) [14ms]
2023-02-09 09:01:28.337 [info] > git config --get commit.template [2ms]
2023-02-09 09:01:28.344 [info] > git for-each-ref --format=%(refname)%00%(upstream:short)%00%(objectname)%00%(upstream:track)%00%(upstream:remotename)%00%(upstream:remoteref) refs/heads/master refs/remotes/master [1ms]
2023-02-09 09:01:31.468 [info] > git add -A -- /home/coder/.bashrc /home/coder/.config/code-server/config.yaml /home/coder/.local/share/code-server/CachedExtensions/builtin /home/coder/.local/share/code-server/CachedExtensions/user /home/coder/.local/share/code-server/User/History/-3b879752/entries.json /home/coder/.local/share/code-server/User/History/-3b879752/yeGn.json /home/coder/.local/share/code-server/User/caches/CachedConfigurations/folder/591858fa/configuration.json /home/coder/.local/share/code-server/User/customBuiltinExtensionsCache.json /home/coder/.local/share/code-server/User/machineid /home/coder/.local/share/code-server/User/systemExtensionsCache.json /home/coder/.local/share/code-server/User/workspaceStorage/d1b2131/vscode.lock /home/coder/.local/share/code-server/coder-logs/code-server-stderr.log /home/coder/.local/share/code-server/coder-logs/code-server-stdout.log /home/coder/.local/share/code-server/coder.json /home/coder/.local/share/code-server/heartbeat /home/coder/.local/share/code-server/logs/20230209T080759/exthost1/exthost.log /home/coder/.local/share/code-server/logs/20230209T080759/exthost1/output_logging_20230209T080807/1-JSON Language Server.log /home/coder/.local/share/code-server/logs/20230209T080759/exthost1/vscode.git/Git.log /home/coder/.local/share/code-server/logs/20230209T080759/exthost2/exthost.log /home/coder/.local/share/code-server/logs/20230209T080759/exthost2/output_logging_20230209T090010/1-JSON Language Server.log /home/coder/.local/share/code-server/logs/20230209T080759/exthost2/vscode.git/Git.log /home/coder/.local/share/code-server/logs/20230209T080759/ptyhost.log /home/coder/.local/share/code-server/logs/20230209T080759/remoteagent.log /home/coder/.local/share/code-server/machineid /home/coder/.profile /home/coder/.vscode/launch.json [56ms]
2023-02-09 09:01:31.485 [info] > git status -z -uall [5ms]
2023-02-09 09:01:31.485 [info] > git remote --verbose [9ms]
2023-02-09 09:01:31.486 [info] > git for-each-ref --sort -committerdate --format %(refname) %(objectname) %(*objectname) [12ms]
2023-02-09 09:01:31.486 [info] > git config --get commit.template [2ms]
2023-02-09 09:01:31.493 [info] > git for-each-ref --format=%(refname)%00%(upstream:short)%00%(objectname)%00%(upstream:track)%00%(upstream:remotename)%00%(upstream:remoteref) refs/heads/master refs/remotes/master [1ms]
2023-02-09 09:01:32.226 [info] > git status -z -uall [8ms]
2023-02-09 09:01:32.227 [info] > git remote --verbose [13ms]
2023-02-09 09:01:32.227 [info] > git for-each-ref --sort -committerdate --format %(refname) %(objectname) %(*objectname) [19ms]
2023-02-09 09:01:32.228 [info] > git config --get commit.template [2ms]
2023-02-09 09:01:32.238 [info] > git for-each-ref --format=%(refname)%00%(upstream:short)%00%(objectname)%00%(upstream:track)%00%(upstream:remotename)%00%(upstream:remoteref) refs/heads/master refs/remotes/master [2ms]
2023-02-09 09:01:37.264 [info] > git status -z -uall [4ms]
2023-02-09 09:01:37.265 [info] > git remote --verbose [10ms]
2023-02-09 09:01:37.265 [info] > git for-each-ref --sort -committerdate --format %(refname) %(objectname) %(*objectname) [14ms]
2023-02-09 09:01:37.266 [info] > git config --get commit.template [2ms]
2023-02-09 09:01:37.274 [info] > git for-each-ref --format=%(refname)%00%(upstream:short)%00%(objectname)%00%(upstream:track)%00%(upstream:remotename)%00%(upstream:remoteref) refs/heads/master refs/remotes/master [1ms]
2023-02-09 09:01:42.278 [info] > git status -z -uall [5ms]
2023-02-09 09:01:42.278 [info] > git remote --verbose [11ms]
2023-02-09 09:01:42.279 [info] > git for-each-ref --sort -committerdate --format %(refname) %(objectname) %(*objectname) [15ms]
2023-02-09 09:01:42.280 [info] > git config --get commit.template [2ms]
2023-02-09 09:01:42.288 [info] > git for-each-ref --format=%(refname)%00%(upstream:short)%00%(objectname)%00%(upstream:track)%00%(upstream:remotename)%00%(upstream:remoteref) refs/heads/master refs/remotes/master [3ms]
2023-02-09 09:01:47.315 [info] > git status -z -uall [6ms]
2023-02-09 09:01:47.315 [info] > git remote --verbose [11ms]
2023-02-09 09:01:47.316 [info] > git for-each-ref --sort -committerdate --format %(refname) %(objectname) %(*objectname) [18ms]
2023-02-09 09:01:47.316 [info] > git config --get commit.template [2ms]
2023-02-09 09:01:47.325 [info] > git for-each-ref --format=%(refname)%00%(upstream:short)%00%(objectname)%00%(upstream:track)%00%(upstream:remotename)%00%(upstream:remoteref) refs/heads/master refs/remotes/master [2ms]
2023-02-09 09:01:48.601 [info] > git add -A -- /home/coder/.local/share/code-server/logs/20230209T080759/exthost2/vscode.git/Git.log [4ms]
2023-02-09 09:01:48.624 [info] > git status -z -uall [6ms]
2023-02-09 09:01:48.624 [info] > git remote --verbose [11ms]
2023-02-09 09:01:48.625 [info] > git for-each-ref --sort -committerdate --format %(refname) %(objectname) %(*objectname) [16ms]
2023-02-09 09:01:48.625 [info] > git config --get commit.template [2ms]
2023-02-09 09:01:48.634 [info] > git for-each-ref --format=%(refname)%00%(upstream:short)%00%(objectname)%00%(upstream:track)%00%(upstream:remotename)%00%(upstream:remoteref) refs/heads/master refs/remotes/master [1ms]
2023-02-09 09:01:51.133 [info] > git add -A -- /home/coder/.local/share/code-server/logs/20230209T080759/exthost2/vscode.git/Git.log [3ms]
2023-02-09 09:01:51.158 [info] > git status -z -uall [6ms]
2023-02-09 09:01:51.158 [info] > git remote --verbose [11ms]
2023-02-09 09:01:51.159 [info] > git for-each-ref --sort -committerdate --format %(refname) %(objectname) %(*objectname) [17ms]
2023-02-09 09:01:51.159 [info] > git config --get commit.template [2ms]
2023-02-09 09:01:51.167 [info] > git for-each-ref --format=%(refname)%00%(upstream:short)%00%(objectname)%00%(upstream:track)%00%(upstream:remotename)%00%(upstream:remoteref) refs/heads/master refs/remotes/master [1ms]
2023-02-09 09:01:52.351 [info] > git status -z -uall [5ms]
2023-02-09 09:01:52.351 [info] > git remote --verbose [11ms]
2023-02-09 09:01:52.351 [info] > git for-each-ref --sort -committerdate --format %(refname) %(objectname) %(*objectname) [16ms]
2023-02-09 09:01:52.352 [info] > git config --get commit.template [2ms]
2023-02-09 09:01:52.360 [info] > git for-each-ref --format=%(refname)%00%(upstream:short)%00%(objectname)%00%(upstream:track)%00%(upstream:remotename)%00%(upstream:remoteref) refs/heads/master refs/remotes/master [1ms]
2023-02-09 09:01:54.863 [info] > git -c user.useConfigOnly=true commit --quiet [32ms]
2023-02-09 09:01:54.863 [info] Author identity unknown

*** Please tell me who you are.

Run

  git config --global user.email "you@example.com"
  git config --global user.name "Your Name"

to set your account's default identity.
Omit --global to set the identity only in this repository.

fatal: no email was given and auto-detection is disabled
2023-02-09 09:01:54.871 [info] > git config --get-all user.name [2ms]
2023-02-09 09:01:57.386 [info] > git status -z -uall [6ms]
2023-02-09 09:01:57.386 [info] > git remote --verbose [11ms]
2023-02-09 09:01:57.387 [info] > git for-each-ref --sort -committerdate --format %(refname) %(objectname) %(*objectname) [17ms]
2023-02-09 09:01:57.388 [info] > git config --get commit.template [2ms]
2023-02-09 09:01:57.395 [info] > git for-each-ref --format=%(refname)%00%(upstream:short)%00%(objectname)%00%(upstream:track)%00%(upstream:remotename)%00%(upstream:remoteref) refs/heads/master refs/remotes/master [1ms]
2023-02-09 09:02:02.419 [info] > git status -z -uall [4ms]
2023-02-09 09:02:02.419 [info] > git remote --verbose [9ms]
2023-02-09 09:02:02.419 [info] > git for-each-ref --sort -committerdate --format %(refname) %(objectname) %(*objectname) [13ms]
2023-02-09 09:02:02.420 [info] > git config --get commit.template [2ms]
2023-02-09 09:02:02.428 [info] > git for-each-ref --format=%(refname)%00%(upstream:short)%00%(objectname)%00%(upstream:track)%00%(upstream:remotename)%00%(upstream:remoteref) refs/heads/master refs/remotes/master [2ms]
2023-02-09 09:02:07.459 [info] > git status -z -uall [7ms]
2023-02-09 09:02:07.459 [info] > git remote --verbose [13ms]
2023-02-09 09:02:07.460 [info] > git for-each-ref --sort -committerdate --format %(refname) %(objectname) %(*objectname) [18ms]
2023-02-09 09:02:07.460 [info] > git config --get commit.template [2ms]
2023-02-09 09:02:07.468 [info] > git for-each-ref --format=%(refname)%00%(upstream:short)%00%(objectname)%00%(upstream:track)%00%(upstream:remotename)%00%(upstream:remoteref) refs/heads/master refs/remotes/master [1ms]
2023-02-09 09:02:12.480 [info] > git status -z -uall [8ms]
2023-02-09 09:02:12.481 [info] > git remote --verbose [13ms]
2023-02-09 09:02:12.481 [info] > git for-each-ref --sort -committerdate --format %(refname) %(objectname) %(*objectname) [19ms]
2023-02-09 09:02:12.482 [info] > git config --get commit.template [2ms]
2023-02-09 09:02:12.489 [info] > git for-each-ref --format=%(refname)%00%(upstream:short)%00%(objectname)%00%(upstream:track)%00%(upstream:remotename)%00%(upstream:remoteref) refs/heads/master refs/remotes/master [2ms]
2023-02-09 09:02:17.519 [info] > git status -z -uall [6ms]
2023-02-09 09:02:17.519 [info] > git remote --verbose [12ms]
2023-02-09 09:02:17.519 [info] > git for-each-ref --sort -committerdate --format %(refname) %(objectname) %(*objectname) [17ms]
2023-02-09 09:02:17.520 [info] > git config --get commit.template [3ms]
2023-02-09 09:02:17.528 [info] > git for-each-ref --format=%(refname)%00%(upstream:short)%00%(objectname)%00%(upstream:track)%00%(upstream:remotename)%00%(upstream:remoteref) refs/heads/master refs/remotes/master [1ms]
2023-02-09 09:02:22.556 [info] > git status -z -uall [5ms]
2023-02-09 09:02:22.556 [info] > git remote --verbose [12ms]
2023-02-09 09:02:22.556 [info] > git for-each-ref --sort -committerdate --format %(refname) %(objectname) %(*objectname) [17ms]
2023-02-09 09:02:22.557 [info] > git config --get commit.template [2ms]
2023-02-09 09:02:22.564 [info] > git for-each-ref --format=%(refname)%00%(upstream:short)%00%(objectname)%00%(upstream:track)%00%(upstream:remotename)%00%(upstream:remoteref) refs/heads/master refs/remotes/master [2ms]
2023-02-09 09:02:32.646 [info] > git status -z -uall [7ms]
2023-02-09 09:02:32.647 [info] > git remote --verbose [12ms]
2023-02-09 09:02:32.647 [info] > git for-each-ref --sort -committerdate --format %(refname) %(objectname) %(*objectname) [18ms]
2023-02-09 09:02:32.650 [info] > git config --get commit.template [4ms]
2023-02-09 09:02:32.662 [info] > git for-each-ref --format=%(refname)%00%(upstream:short)%00%(objectname)%00%(upstream:track)%00%(upstream:remotename)%00%(upstream:remoteref) refs/heads/master refs/remotes/master [3ms]
2023-02-09 09:02:34.385 [info] > git -c user.useConfigOnly=true commit --quiet [4ms]
2023-02-09 09:02:34.385 [info] Author identity unknown

*** Please tell me who you are.

Run

  git config --global user.email "you@example.com"
  git config --global user.name "Your Name"

to set your account's default identity.
Omit --global to set the identity only in this repository.

fatal: no email was given and auto-detection is disabled
2023-02-09 09:02:34.393 [info] > git config --get-all user.name [2ms]
2023-02-09 09:02:37.688 [info] > git status -z -uall [5ms]
2023-02-09 09:02:37.688 [info] > git remote --verbose [11ms]
2023-02-09 09:02:37.688 [info] > git for-each-ref --sort -committerdate --format %(refname) %(objectname) %(*objectname) [16ms]
2023-02-09 09:02:37.689 [info] > git config --get commit.template [2ms]
2023-02-09 09:02:37.697 [info] > git for-each-ref --format=%(refname)%00%(upstream:short)%00%(objectname)%00%(upstream:track)%00%(upstream:remotename)%00%(upstream:remoteref) refs/heads/master refs/remotes/master [1ms]
2023-02-09 09:02:42.700 [info] > git status -z -uall [5ms]
2023-02-09 09:02:42.701 [info] > git remote --verbose [11ms]
2023-02-09 09:02:42.702 [info] > git for-each-ref --sort -committerdate --format %(refname) %(objectname) %(*objectname) [15ms]
2023-02-09 09:02:42.703 [info] > git config --get commit.template [2ms]
2023-02-09 09:02:42.709 [info] > git for-each-ref --format=%(refname)%00%(upstream:short)%00%(objectname)%00%(upstream:track)%00%(upstream:remotename)%00%(upstream:remoteref) refs/heads/master refs/remotes/master [2ms]
2023-02-09 09:02:47.736 [info] > git status -z -uall [6ms]
2023-02-09 09:02:47.737 [info] > git remote --verbose [11ms]
2023-02-09 09:02:47.737 [info] > git for-each-ref --sort -committerdate --format %(refname) %(objectname) %(*objectname) [16ms]
2023-02-09 09:02:47.740 [info] > git config --get commit.template [5ms]
2023-02-09 09:02:47.749 [info] > git for-each-ref --format=%(refname)%00%(upstream:short)%00%(objectname)%00%(upstream:track)%00%(upstream:remotename)%00%(upstream:remoteref) refs/heads/master refs/remotes/master [1ms]
2023-02-09 09:02:52.772 [info] > git status -z -uall [6ms]
2023-02-09 09:02:52.773 [info] > git remote --verbose [10ms]
2023-02-09 09:02:52.773 [info] > git for-each-ref --sort -committerdate --format %(refname) %(objectname) %(*objectname) [16ms]
2023-02-09 09:02:52.774 [info] > git config --get commit.template [3ms]
2023-02-09 09:02:52.783 [info] > git for-each-ref --format=%(refname)%00%(upstream:short)%00%(objectname)%00%(upstream:track)%00%(upstream:remotename)%00%(upstream:remoteref) refs/heads/master refs/remotes/master [1ms]
2023-02-09 09:02:57.807 [info] > git status -z -uall [5ms]
2023-02-09 09:02:57.808 [info] > git remote --verbose [10ms]
2023-02-09 09:02:57.809 [info] > git for-each-ref --sort -committerdate --format %(refname) %(objectname) %(*objectname) [16ms]
2023-02-09 09:02:57.809 [info] > git config --get commit.template [2ms]
2023-02-09 09:02:57.816 [info] > git for-each-ref --format=%(refname)%00%(upstream:short)%00%(objectname)%00%(upstream:track)%00%(upstream:remotename)%00%(upstream:remoteref) refs/heads/master refs/remotes/master [1ms]
2023-02-09 09:03:02.840 [info] > git status -z -uall [6ms]
2023-02-09 09:03:02.841 [info] > git remote --verbose [12ms]
2023-02-09 09:03:02.841 [info] > git for-each-ref --sort -committerdate --format %(refname) %(objectname) %(*objectname) [17ms]
2023-02-09 09:03:02.842 [info] > git config --get commit.template [2ms]
2023-02-09 09:03:02.851 [info] > git for-each-ref --format=%(refname)%00%(upstream:short)%00%(objectname)%00%(upstream:track)%00%(upstream:remotename)%00%(upstream:remoteref) refs/heads/master refs/remotes/master [3ms]
2023-02-09 09:03:07.876 [info] > git status -z -uall [6ms]
2023-02-09 09:03:07.877 [info] > git remote --verbose [12ms]
2023-02-09 09:03:07.877 [info] > git for-each-ref --sort -committerdate --format %(refname) %(objectname) %(*objectname) [17ms]
2023-02-09 09:03:07.878 [info] > git config --get commit.template [3ms]
2023-02-09 09:03:07.887 [info] > git for-each-ref --format=%(refname)%00%(upstream:short)%00%(objectname)%00%(upstream:track)%00%(upstream:remotename)%00%(upstream:remoteref) refs/heads/master refs/remotes/master [2ms]
2023-02-09 09:03:12.891 [info] > git status -z -uall [6ms]
2023-02-09 09:03:12.892 [info] > git remote --verbose [12ms]
2023-02-09 09:03:12.892 [info] > git for-each-ref --sort -committerdate --format %(refname) %(objectname) %(*objectname) [18ms]
2023-02-09 09:03:12.893 [info] > git config --get commit.template [3ms]
2023-02-09 09:03:12.903 [info] > git for-each-ref --format=%(refname)%00%(upstream:short)%00%(objectname)%00%(upstream:track)%00%(upstream:remotename)%00%(upstream:remoteref) refs/heads/master refs/remotes/master [2ms]
2023-02-09 09:03:17.933 [info] > git status -z -uall [6ms]
2023-02-09 09:03:17.934 [info] > git remote --verbose [14ms]
2023-02-09 09:03:17.935 [info] > git for-each-ref --sort -committerdate --format %(refname) %(objectname) %(*objectname) [20ms]
2023-02-09 09:03:17.936 [info] > git config --get commit.template [2ms]
2023-02-09 09:03:17.943 [info] > git for-each-ref --format=%(refname)%00%(upstream:short)%00%(objectname)%00%(upstream:track)%00%(upstream:remotename)%00%(upstream:remoteref) refs/heads/master refs/remotes/master [2ms]
2023-02-09 09:03:22.968 [info] > git status -z -uall [5ms]
2023-02-09 09:03:22.969 [info] > git remote --verbose [10ms]
2023-02-09 09:03:22.969 [info] > git for-each-ref --sort -committerdate --format %(refname) %(objectname) %(*objectname) [15ms]
2023-02-09 09:03:22.970 [info] > git config --get commit.template [1ms]
2023-02-09 09:03:22.976 [info] > git for-each-ref --format=%(refname)%00%(upstream:short)%00%(objectname)%00%(upstream:track)%00%(upstream:remotename)%00%(upstream:remoteref) refs/heads/master refs/remotes/master [1ms]
2023-02-09 09:03:28.141 [info] > git status -z -uall [5ms]
2023-02-09 09:03:28.142 [info] > git remote --verbose [10ms]
2023-02-09 09:03:28.142 [info] > git for-each-ref --sort -committerdate --format %(refname) %(objectname) %(*objectname) [157ms]
2023-02-09 09:03:28.142 [info] > git config --get commit.template [1ms]
2023-02-09 09:03:28.157 [info] > git for-each-ref --format=%(refname)%00%(upstream:short)%00%(objectname)%00%(upstream:track)%00%(upstream:remotename)%00%(upstream:remoteref) refs/heads/master refs/remotes/master [1ms]
2023-02-09 09:03:33.184 [info] > git status -z -uall [6ms]
2023-02-09 09:03:33.185 [info] > git remote --verbose [11ms]
2023-02-09 09:03:33.185 [info] > git for-each-ref --sort -committerdate --format %(refname) %(objectname) %(*objectname) [17ms]
2023-02-09 09:03:33.186 [info] > git config --get commit.template [3ms]
2023-02-09 09:03:33.195 [info] > git for-each-ref --format=%(refname)%00%(upstream:short)%00%(objectname)%00%(upstream:track)%00%(upstream:remotename)%00%(upstream:remoteref) refs/heads/master refs/remotes/master [1ms]
2023-02-09 09:03:38.221 [info] > git status -z -uall [7ms]
2023-02-09 09:03:38.222 [info] > git remote --verbose [12ms]
2023-02-09 09:03:38.223 [info] > git for-each-ref --sort -committerdate --format %(refname) %(objectname) %(*objectname) [18ms]
2023-02-09 09:03:38.224 [info] > git config --get commit.template [5ms]
2023-02-09 09:03:38.234 [info] > git for-each-ref --format=%(refname)%00%(upstream:short)%00%(objectname)%00%(upstream:track)%00%(upstream:remotename)%00%(upstream:remoteref) refs/heads/master refs/remotes/master [3ms]
2023-02-09 09:03:43.243 [info] > git status -z -uall [7ms]
2023-02-09 09:03:43.243 [info] > git remote --verbose [12ms]
2023-02-09 09:03:43.243 [info] > git for-each-ref --sort -committerdate --format %(refname) %(objectname) %(*objectname) [17ms]
2023-02-09 09:03:43.244 [info] > git config --get commit.template [3ms]
2023-02-09 09:03:43.252 [info] > git for-each-ref --format=%(refname)%00%(upstream:short)%00%(objectname)%00%(upstream:track)%00%(upstream:remotename)%00%(upstream:remoteref) refs/heads/master refs/remotes/master [1ms]
2023-02-09 09:03:48.276 [info] > git status -z -uall [5ms]
2023-02-09 09:03:48.277 [info] > git remote --verbose [11ms]
2023-02-09 09:03:48.277 [info] > git for-each-ref --sort -committerdate --format %(refname) %(objectname) %(*objectname) [16ms]
2023-02-09 09:03:48.279 [info] > git config --get commit.template [2ms]
2023-02-09 09:03:48.287 [info] > git for-each-ref --format=%(refname)%00%(upstream:short)%00%(objectname)%00%(upstream:track)%00%(upstream:remotename)%00%(upstream:remoteref) refs/heads/master refs/remotes/master [1ms]
2023-02-09 09:03:53.315 [info] > git status -z -uall [6ms]
2023-02-09 09:03:53.319 [info] > git remote --verbose [11ms]
2023-02-09 09:03:53.319 [info] > git for-each-ref --sort -committerdate --format %(refname) %(objectname) %(*objectname) [20ms]
2023-02-09 09:03:53.320 [info] > git config --get commit.template [5ms]
2023-02-09 09:03:53.327 [info] > git for-each-ref --format=%(refname)%00%(upstream:short)%00%(objectname)%00%(upstream:track)%00%(upstream:remotename)%00%(upstream:remoteref) refs/heads/master refs/remotes/master [1ms]
2023-02-09 09:03:58.357 [info] > git status -z -uall [6ms]
2023-02-09 09:03:58.358 [info] > git remote --verbose [11ms]
2023-02-09 09:03:58.358 [info] > git for-each-ref --sort -committerdate --format %(refname) %(objectname) %(*objectname) [17ms]
2023-02-09 09:03:58.359 [info] > git config --get commit.template [2ms]
2023-02-09 09:03:58.366 [info] > git for-each-ref --format=%(refname)%00%(upstream:short)%00%(objectname)%00%(upstream:track)%00%(upstream:remotename)%00%(upstream:remoteref) refs/heads/master refs/remotes/master [1ms]
2023-02-09 09:04:03.396 [info] > git status -z -uall [11ms]
2023-02-09 09:04:03.397 [info] > git remote --verbose [17ms]
2023-02-09 09:04:03.397 [info] > git for-each-ref --sort -committerdate --format %(refname) %(objectname) %(*objectname) [22ms]
2023-02-09 09:04:03.399 [info] > git config --get commit.template [7ms]
2023-02-09 09:04:03.409 [info] > git for-each-ref --format=%(refname)%00%(upstream:short)%00%(objectname)%00%(upstream:track)%00%(upstream:remotename)%00%(upstream:remoteref) refs/heads/master refs/remotes/master [2ms]
2023-02-09 09:04:08.438 [info] > git status -z -uall [6ms]
2023-02-09 09:04:08.439 [info] > git remote --verbose [11ms]
2023-02-09 09:04:08.439 [info] > git for-each-ref --sort -committerdate --format %(refname) %(objectname) %(*objectname) [18ms]
2023-02-09 09:04:08.440 [info] > git config --get commit.template [2ms]
2023-02-09 09:04:08.448 [info] > git for-each-ref --format=%(refname)%00%(upstream:short)%00%(objectname)%00%(upstream:track)%00%(upstream:remotename)%00%(upstream:remoteref) refs/heads/master refs/remotes/master [2ms]
2023-02-09 09:04:13.458 [info] > git status -z -uall [6ms]
2023-02-09 09:04:13.459 [info] > git remote --verbose [11ms]
2023-02-09 09:04:13.459 [info] > git for-each-ref --sort -committerdate --format %(refname) %(objectname) %(*objectname) [17ms]
2023-02-09 09:04:13.460 [info] > git config --get commit.template [2ms]
2023-02-09 09:04:13.467 [info] > git for-each-ref --format=%(refname)%00%(upstream:short)%00%(objectname)%00%(upstream:track)%00%(upstream:remotename)%00%(upstream:remoteref) refs/heads/master refs/remotes/master [1ms]
2023-02-09 09:04:18.500 [info] > git status -z -uall [7ms]
2023-02-09 09:04:18.502 [info] > git remote --verbose [16ms]
2023-02-09 09:04:18.502 [info] > git for-each-ref --sort -committerdate --format %(refname) %(objectname) %(*objectname) [23ms]
2023-02-09 09:04:18.503 [info] > git config --get commit.template [3ms]
2023-02-09 09:04:18.511 [info] > git for-each-ref --format=%(refname)%00%(upstream:short)%00%(objectname)%00%(upstream:track)%00%(upstream:remotename)%00%(upstream:remoteref) refs/heads/master refs/remotes/master [1ms]
2023-02-09 09:04:19.839 [info] > git status -z -uall [7ms]
2023-02-09 09:04:19.840 [info] > git remote --verbose [14ms]
2023-02-09 09:04:19.840 [info] > git for-each-ref --sort -committerdate --format %(refname) %(objectname) %(*objectname) [20ms]
2023-02-09 09:04:19.842 [info] > git config --get commit.template [2ms]
2023-02-09 09:04:19.852 [info] > git for-each-ref --format=%(refname)%00%(upstream:short)%00%(objectname)%00%(upstream:track)%00%(upstream:remotename)%00%(upstream:remoteref) refs/heads/master refs/remotes/master [1ms]
2023-02-09 09:04:23.536 [info] > git status -z -uall [5ms]
2023-02-09 09:04:23.537 [info] > git remote --verbose [10ms]
2023-02-09 09:04:23.537 [info] > git for-each-ref --sort -committerdate --format %(refname) %(objectname) %(*objectname) [15ms]
2023-02-09 09:04:23.538 [info] > git config --get commit.template [1ms]
2023-02-09 09:04:23.544 [info] > git for-each-ref --format=%(refname)%00%(upstream:short)%00%(objectname)%00%(upstream:track)%00%(upstream:remotename)%00%(upstream:remoteref) refs/heads/master refs/remotes/master [2ms]
2023-02-09 09:04:26.696 [info] > git -c user.useConfigOnly=true commit --quiet [12ms]
2023-02-09 09:04:26.696 [info] Author identity unknown

*** Please tell me who you are.

Run

  git config --global user.email "you@example.com"
  git config --global user.name "Your Name"

to set your account's default identity.
Omit --global to set the identity only in this repository.

fatal: no email was given and auto-detection is disabled
2023-02-09 09:04:26.706 [info] > git config --get-all user.name [2ms]
2023-02-09 09:04:28.570 [info] > git status -z -uall [6ms]
2023-02-09 09:04:28.571 [info] > git remote --verbose [11ms]
2023-02-09 09:04:28.571 [info] > git for-each-ref --sort -committerdate --format %(refname) %(objectname) %(*objectname) [17ms]
2023-02-09 09:04:28.572 [info] > git config --get commit.template [2ms]
2023-02-09 09:04:28.580 [info] > git for-each-ref --format=%(refname)%00%(upstream:short)%00%(objectname)%00%(upstream:track)%00%(upstream:remotename)%00%(upstream:remoteref) refs/heads/master refs/remotes/master [1ms]
2023-02-09 09:04:33.602 [info] > git remote --verbose [6ms]
2023-02-09 09:04:33.603 [info] > git for-each-ref --sort -committerdate --format %(refname) %(objectname) %(*objectname) [12ms]
2023-02-09 09:04:33.609 [info] > git status -z -uall [9ms]
2023-02-09 09:04:33.612 [info] > git config --get commit.template [3ms]
2023-02-09 09:04:33.621 [info] > git for-each-ref --format=%(refname)%00%(upstream:short)%00%(objectname)%00%(upstream:track)%00%(upstream:remotename)%00%(upstream:remoteref) refs/heads/master refs/remotes/master [2ms]
2023-02-09 09:04:38.649 [info] > git status -z -uall [6ms]
2023-02-09 09:04:38.650 [info] > git remote --verbose [11ms]
2023-02-09 09:04:38.650 [info] > git for-each-ref --sort -committerdate --format %(refname) %(objectname) %(*objectname) [16ms]
2023-02-09 09:04:38.651 [info] > git config --get commit.template [2ms]
2023-02-09 09:04:38.658 [info] > git for-each-ref --format=%(refname)%00%(upstream:short)%00%(objectname)%00%(upstream:track)%00%(upstream:remotename)%00%(upstream:remoteref) refs/heads/master refs/remotes/master [2ms]
2023-02-09 09:04:43.664 [info] > git status -z -uall [6ms]
2023-02-09 09:04:43.664 [info] > git remote --verbose [11ms]
2023-02-09 09:04:43.665 [info] > git for-each-ref --sort -committerdate --format %(refname) %(objectname) %(*objectname) [17ms]
2023-02-09 09:04:43.666 [info] > git config --get commit.template [2ms]
2023-02-09 09:04:43.674 [info] > git for-each-ref --format=%(refname)%00%(upstream:short)%00%(objectname)%00%(upstream:track)%00%(upstream:remotename)%00%(upstream:remoteref) refs/heads/master refs/remotes/master [2ms]
2023-02-09 09:04:48.705 [info] > git status -z -uall [6ms]
2023-02-09 09:04:48.706 [info] > git remote --verbose [11ms]
2023-02-09 09:04:48.706 [info] > git for-each-ref --sort -committerdate --format %(refname) %(objectname) %(*objectname) [17ms]
2023-02-09 09:04:48.708 [info] > git config --get commit.template [2ms]
2023-02-09 09:04:48.716 [info] > git for-each-ref --format=%(refname)%00%(upstream:short)%00%(objectname)%00%(upstream:track)%00%(upstream:remotename)%00%(upstream:remoteref) refs/heads/master refs/remotes/master [1ms]
2023-02-09 09:04:53.741 [info] > git remote --verbose [7ms]
2023-02-09 09:04:53.741 [info] > git for-each-ref --sort -committerdate --format %(refname) %(objectname) %(*objectname) [13ms]
2023-02-09 09:04:53.746 [info] > git status -z -uall [7ms]
2023-02-09 09:04:53.748 [info] > git config --get commit.template [1ms]
2023-02-09 09:04:53.754 [info] > git for-each-ref --format=%(refname)%00%(upstream:short)%00%(objectname)%00%(upstream:track)%00%(upstream:remotename)%00%(upstream:remoteref) refs/heads/master refs/remotes/master [2ms]
2023-02-09 09:04:58.781 [info] > git status -z -uall [5ms]
2023-02-09 09:04:58.782 [info] > git remote --verbose [11ms]
2023-02-09 09:04:58.782 [info] > git for-each-ref --sort -committerdate --format %(refname) %(objectname) %(*objectname) [17ms]
2023-02-09 09:04:58.783 [info] > git config --get commit.template [1ms]
2023-02-09 09:04:58.792 [info] > git for-each-ref --format=%(refname)%00%(upstream:short)%00%(objectname)%00%(upstream:track)%00%(upstream:remotename)%00%(upstream:remoteref) refs/heads/master refs/remotes/master [2ms]
2023-02-09 09:05:03.814 [info] > git status -z -uall [4ms]
2023-02-09 09:05:03.815 [info] > git remote --verbose [9ms]
2023-02-09 09:05:03.815 [info] > git for-each-ref --sort -committerdate --format %(refname) %(objectname) %(*objectname) [13ms]
2023-02-09 09:05:03.816 [info] > git config --get commit.template [2ms]
2023-02-09 09:05:03.823 [info] > git for-each-ref --format=%(refname)%00%(upstream:short)%00%(objectname)%00%(upstream:track)%00%(upstream:remotename)%00%(upstream:remoteref) refs/heads/master refs/remotes/master [2ms]
2023-02-09 09:05:08.843 [info] > git status -z -uall [4ms]
2023-02-09 09:05:08.844 [info] > git remote --verbose [7ms]
2023-02-09 09:05:08.844 [info] > git for-each-ref --sort -committerdate --format %(refname) %(objectname) %(*objectname) [12ms]
2023-02-09 09:05:08.845 [info] > git config --get commit.template [2ms]
2023-02-09 09:05:08.850 [info] > git for-each-ref --format=%(refname)%00%(upstream:short)%00%(objectname)%00%(upstream:track)%00%(upstream:remotename)%00%(upstream:remoteref) refs/heads/master refs/remotes/master [1ms]
2023-02-09 09:05:13.852 [info] > git status -z -uall [5ms]
2023-02-09 09:05:13.853 [info] > git remote --verbose [12ms]
2023-02-09 09:05:13.854 [info] > git for-each-ref --sort -committerdate --format %(refname) %(objectname) %(*objectname) [16ms]
2023-02-09 09:05:13.855 [info] > git config --get commit.template [3ms]
2023-02-09 09:05:13.864 [info] > git for-each-ref --format=%(refname)%00%(upstream:short)%00%(objectname)%00%(upstream:track)%00%(upstream:remotename)%00%(upstream:remoteref) refs/heads/master refs/remotes/master [2ms]
2023-02-09 09:05:18.889 [info] > git status -z -uall [6ms]
2023-02-09 09:05:18.890 [info] > git remote --verbose [11ms]
2023-02-09 09:05:18.890 [info] > git for-each-ref --sort -committerdate --format %(refname) %(objectname) %(*objectname) [17ms]
2023-02-09 09:05:18.891 [info] > git config --get commit.template [2ms]
2023-02-09 09:05:18.900 [info] > git for-each-ref --format=%(refname)%00%(upstream:short)%00%(objectname)%00%(upstream:track)%00%(upstream:remotename)%00%(upstream:remoteref) refs/heads/master refs/remotes/master [2ms]
2023-02-09 09:05:23.923 [info] > git status -z -uall [6ms]
2023-02-09 09:05:23.924 [info] > git remote --verbose [11ms]
2023-02-09 09:05:23.924 [info] > git for-each-ref --sort -committerdate --format %(refname) %(objectname) %(*objectname) [16ms]
2023-02-09 09:05:23.925 [info] > git config --get commit.template [3ms]
2023-02-09 09:05:23.936 [info] > git for-each-ref --format=%(refname)%00%(upstream:short)%00%(objectname)%00%(upstream:track)%00%(upstream:remotename)%00%(upstream:remoteref) refs/heads/master refs/remotes/master [1ms]
2023-02-09 09:05:28.961 [info] > git status -z -uall [8ms]
2023-02-09 09:05:28.961 [info] > git remote --verbose [12ms]
2023-02-09 09:05:28.962 [info] > git for-each-ref --sort -committerdate --format %(refname) %(objectname) %(*objectname) [17ms]
2023-02-09 09:05:28.962 [info] > git config --get commit.template [2ms]
2023-02-09 09:05:28.969 [info] > git for-each-ref --format=%(refname)%00%(upstream:short)%00%(objectname)%00%(upstream:track)%00%(upstream:remotename)%00%(upstream:remoteref) refs/heads/master refs/remotes/master [1ms]
2023-02-09 09:05:33.995 [info] > git status -z -uall [6ms]
2023-02-09 09:05:33.996 [info] > git remote --verbose [11ms]
2023-02-09 09:05:33.997 [info] > git for-each-ref --sort -committerdate --format %(refname) %(objectname) %(*objectname) [16ms]
2023-02-09 09:05:33.998 [info] > git config --get commit.template [2ms]
2023-02-09 09:05:34.005 [info] > git for-each-ref --format=%(refname)%00%(upstream:short)%00%(objectname)%00%(upstream:track)%00%(upstream:remotename)%00%(upstream:remoteref) refs/heads/master refs/remotes/master [1ms]
2023-02-09 09:05:39.028 [info] > git status -z -uall [6ms]
2023-02-09 09:05:39.029 [info] > git remote --verbose [10ms]
2023-02-09 09:05:39.029 [info] > git for-each-ref --sort -committerdate --format %(refname) %(objectname) %(*objectname) [16ms]
2023-02-09 09:05:39.030 [info] > git config --get commit.template [3ms]
2023-02-09 09:05:39.038 [info] > git for-each-ref --format=%(refname)%00%(upstream:short)%00%(objectname)%00%(upstream:track)%00%(upstream:remotename)%00%(upstream:remoteref) refs/heads/master refs/remotes/master [1ms]
2023-02-09 09:05:44.039 [info] > git status -z -uall [5ms]
2023-02-09 09:05:44.039 [info] > git remote --verbose [8ms]
2023-02-09 09:05:44.040 [info] > git for-each-ref --sort -committerdate --format %(refname) %(objectname) %(*objectname) [14ms]
2023-02-09 09:05:44.040 [info] > git config --get commit.template [2ms]
2023-02-09 09:05:44.046 [info] > git for-each-ref --format=%(refname)%00%(upstream:short)%00%(objectname)%00%(upstream:track)%00%(upstream:remotename)%00%(upstream:remoteref) refs/heads/master refs/remotes/master [1ms]
2023-02-09 09:05:49.072 [info] > git status -z -uall [8ms]
2023-02-09 09:05:49.073 [info] > git remote --verbose [13ms]
2023-02-09 09:05:49.073 [info] > git for-each-ref --sort -committerdate --format %(refname) %(objectname) %(*objectname) [18ms]
2023-02-09 09:05:49.074 [info] > git config --get commit.template [4ms]
2023-02-09 09:05:49.081 [info] > git for-each-ref --format=%(refname)%00%(upstream:short)%00%(objectname)%00%(upstream:track)%00%(upstream:remotename)%00%(upstream:remoteref) refs/heads/master refs/remotes/master [1ms]
2023-02-09 09:05:54.105 [info] > git status -z -uall [5ms]
2023-02-09 09:05:54.106 [info] > git remote --verbose [10ms]
2023-02-09 09:05:54.106 [info] > git for-each-ref --sort -committerdate --format %(refname) %(objectname) %(*objectname) [15ms]
2023-02-09 09:05:54.107 [info] > git config --get commit.template [2ms]
2023-02-09 09:05:54.113 [info] > git for-each-ref --format=%(refname)%00%(upstream:short)%00%(objectname)%00%(upstream:track)%00%(upstream:remotename)%00%(upstream:remoteref) refs/heads/master refs/remotes/master [1ms]
2023-02-09 09:05:59.137 [info] > git status -z -uall [5ms]
2023-02-09 09:05:59.138 [info] > git remote --verbose [11ms]
2023-02-09 09:05:59.138 [info] > git for-each-ref --sort -committerdate --format %(refname) %(objectname) %(*objectname) [16ms]
2023-02-09 09:05:59.139 [info] > git config --get commit.template [3ms]
2023-02-09 09:05:59.149 [info] > git for-each-ref --format=%(refname)%00%(upstream:short)%00%(objectname)%00%(upstream:track)%00%(upstream:remotename)%00%(upstream:remoteref) refs/heads/master refs/remotes/master [4ms]
2023-02-09 09:06:04.176 [info] > git status -z -uall [5ms]
2023-02-09 09:06:04.177 [info] > git remote --verbose [10ms]
2023-02-09 09:06:04.177 [info] > git for-each-ref --sort -committerdate --format %(refname) %(objectname) %(*objectname) [16ms]
2023-02-09 09:06:04.178 [info] > git config --get commit.template [2ms]
2023-02-09 09:06:04.185 [info] > git for-each-ref --format=%(refname)%00%(upstream:short)%00%(objectname)%00%(upstream:track)%00%(upstream:remotename)%00%(upstream:remoteref) refs/heads/master refs/remotes/master [2ms]
2023-02-09 09:06:04.489 [info] > git check-ignore -v -z --stdin [2ms]
2023-02-09 09:06:06.586 [info] > git -c user.useConfigOnly=true commit --quiet [8ms]
2023-02-09 09:06:06.587 [info] Author identity unknown

*** Please tell me who you are.

Run

  git config --global user.email "you@example.com"
  git config --global user.name "Your Name"

to set your account's default identity.
Omit --global to set the identity only in this repository.

fatal: no email was given and auto-detection is disabled
2023-02-09 09:06:06.593 [info] > git config --get-all user.name [1ms]
2023-02-09 09:06:09.216 [info] > git status -z -uall [6ms]
2023-02-09 09:06:09.217 [info] > git remote --verbose [11ms]
2023-02-09 09:06:09.217 [info] > git for-each-ref --sort -committerdate --format %(refname) %(objectname) %(*objectname) [16ms]
2023-02-09 09:06:09.218 [info] > git config --get commit.template [2ms]
2023-02-09 09:06:09.228 [info] > git for-each-ref --format=%(refname)%00%(upstream:short)%00%(objectname)%00%(upstream:track)%00%(upstream:remotename)%00%(upstream:remoteref) refs/heads/master refs/remotes/master [3ms]
2023-02-09 09:06:14.227 [info] > git status -z -uall [4ms]
2023-02-09 09:06:14.228 [info] > git remote --verbose [8ms]
2023-02-09 09:06:14.228 [info] > git for-each-ref --sort -committerdate --format %(refname) %(objectname) %(*objectname) [12ms]
2023-02-09 09:06:14.229 [info] > git config --get commit.template [2ms]
2023-02-09 09:06:14.237 [info] > git for-each-ref --format=%(refname)%00%(upstream:short)%00%(objectname)%00%(upstream:track)%00%(upstream:remotename)%00%(upstream:remoteref) refs/heads/master refs/remotes/master [2ms]
2023-02-09 09:06:19.263 [info] > git status -z -uall [6ms]
2023-02-09 09:06:19.264 [info] > git remote --verbose [14ms]
2023-02-09 09:06:19.264 [info] > git for-each-ref --sort -committerdate --format %(refname) %(objectname) %(*objectname) [19ms]
2023-02-09 09:06:19.265 [info] > git config --get commit.template [2ms]
2023-02-09 09:06:19.273 [info] > git for-each-ref --format=%(refname)%00%(upstream:short)%00%(objectname)%00%(upstream:track)%00%(upstream:remotename)%00%(upstream:remoteref) refs/heads/master refs/remotes/master [2ms]
2023-02-09 09:06:24.298 [info] > git status -z -uall [5ms]
2023-02-09 09:06:24.300 [info] > git remote --verbose [11ms]
2023-02-09 09:06:24.300 [info] > git for-each-ref --sort -committerdate --format %(refname) %(objectname) %(*objectname) [17ms]
2023-02-09 09:06:24.301 [info] > git config --get commit.template [3ms]
2023-02-09 09:06:24.308 [info] > git for-each-ref --format=%(refname)%00%(upstream:short)%00%(objectname)%00%(upstream:track)%00%(upstream:remotename)%00%(upstream:remoteref) refs/heads/master refs/remotes/master [2ms]
2023-02-09 09:06:29.337 [info] > git status -z -uall [6ms]
2023-02-09 09:06:29.338 [info] > git remote --verbose [12ms]
2023-02-09 09:06:29.339 [info] > git for-each-ref --sort -committerdate --format %(refname) %(objectname) %(*objectname) [17ms]
2023-02-09 09:06:29.340 [info] > git config --get commit.template [2ms]
2023-02-09 09:06:29.348 [info] > git for-each-ref --format=%(refname)%00%(upstream:short)%00%(objectname)%00%(upstream:track)%00%(upstream:remotename)%00%(upstream:remoteref) refs/heads/master refs/remotes/master [1ms]
2023-02-09 09:06:34.373 [info] > git status -z -uall [6ms]
2023-02-09 09:06:34.374 [info] > git remote --verbose [11ms]
2023-02-09 09:06:34.375 [info] > git for-each-ref --sort -committerdate --format %(refname) %(objectname) %(*objectname) [17ms]
2023-02-09 09:06:34.376 [info] > git config --get commit.template [3ms]
2023-02-09 09:06:34.385 [info] > git for-each-ref --format=%(refname)%00%(upstream:short)%00%(objectname)%00%(upstream:track)%00%(upstream:remotename)%00%(upstream:remoteref) refs/heads/master refs/remotes/master [1ms]
2023-02-09 09:06:38.203 [info] > git -c user.useConfigOnly=true commit --quiet [3ms]
2023-02-09 09:06:38.203 [info] Author identity unknown

*** Please tell me who you are.

Run

  git config --global user.email "you@example.com"
  git config --global user.name "Your Name"

to set your account's default identity.
Omit --global to set the identity only in this repository.

fatal: no email was given and auto-detection is disabled
2023-02-09 09:06:38.212 [info] > git config --get-all user.name [2ms]
2023-02-09 09:06:39.410 [info] > git status -z -uall [7ms]
2023-02-09 09:06:39.411 [info] > git remote --verbose [12ms]
2023-02-09 09:06:39.411 [info] > git for-each-ref --sort -committerdate --format %(refname) %(objectname) %(*objectname) [17ms]
2023-02-09 09:06:39.412 [info] > git config --get commit.template [3ms]
2023-02-09 09:06:39.420 [info] > git for-each-ref --format=%(refname)%00%(upstream:short)%00%(objectname)%00%(upstream:track)%00%(upstream:remotename)%00%(upstream:remoteref) refs/heads/master refs/remotes/master [1ms]
2023-02-09 09:06:44.430 [info] > git status -z -uall [6ms]
2023-02-09 09:06:44.431 [info] > git remote --verbose [11ms]
2023-02-09 09:06:44.432 [info] > git for-each-ref --sort -committerdate --format %(refname) %(objectname) %(*objectname) [18ms]
2023-02-09 09:06:44.433 [info] > git config --get commit.template [3ms]
2023-02-09 09:06:44.439 [info] > git for-each-ref --format=%(refname)%00%(upstream:short)%00%(objectname)%00%(upstream:track)%00%(upstream:remotename)%00%(upstream:remoteref) refs/heads/master refs/remotes/master [2ms]
2023-02-09 09:06:49.469 [info] > git status -z -uall [7ms]
2023-02-09 09:06:49.470 [info] > git remote --verbose [13ms]
2023-02-09 09:06:49.470 [info] > git for-each-ref --sort -committerdate --format %(refname) %(objectname) %(*objectname) [18ms]
2023-02-09 09:06:49.471 [info] > git config --get commit.template [2ms]
2023-02-09 09:06:49.478 [info] > git for-each-ref --format=%(refname)%00%(upstream:short)%00%(objectname)%00%(upstream:track)%00%(upstream:remotename)%00%(upstream:remoteref) refs/heads/master refs/remotes/master [1ms]
2023-02-09 09:06:54.503 [info] > git status -z -uall [5ms]
2023-02-09 09:06:54.504 [info] > git remote --verbose [11ms]
2023-02-09 09:06:54.504 [info] > git for-each-ref --sort -committerdate --format %(refname) %(objectname) %(*objectname) [15ms]
2023-02-09 09:06:54.505 [info] > git config --get commit.template [2ms]
2023-02-09 09:06:54.512 [info] > git for-each-ref --format=%(refname)%00%(upstream:short)%00%(objectname)%00%(upstream:track)%00%(upstream:remotename)%00%(upstream:remoteref) refs/heads/master refs/remotes/master [2ms]
2023-02-09 09:06:59.538 [info] > git status -z -uall [6ms]
2023-02-09 09:06:59.539 [info] > git remote --verbose [12ms]
2023-02-09 09:06:59.539 [info] > git for-each-ref --sort -committerdate --format %(refname) %(objectname) %(*objectname) [16ms]
2023-02-09 09:06:59.540 [info] > git config --get commit.template [2ms]
2023-02-09 09:06:59.547 [info] > git for-each-ref --format=%(refname)%00%(upstream:short)%00%(objectname)%00%(upstream:track)%00%(upstream:remotename)%00%(upstream:remoteref) refs/heads/master refs/remotes/master [2ms]
2023-02-09 09:07:04.577 [info] > git status -z -uall [12ms]
2023-02-09 09:07:04.577 [info] > git remote --verbose [17ms]
2023-02-09 09:07:04.578 [info] > git for-each-ref --sort -committerdate --format %(refname) %(objectname) %(*objectname) [22ms]
2023-02-09 09:07:04.578 [info] > git config --get commit.template [7ms]
2023-02-09 09:07:04.590 [info] > git for-each-ref --format=%(refname)%00%(upstream:short)%00%(objectname)%00%(upstream:track)%00%(upstream:remotename)%00%(upstream:remoteref) refs/heads/master refs/remotes/master [3ms]
