2023-02-09 09:00:10.779 [info] Extension host with pid 8656 started
2023-02-09 09:00:10.804 [info] Lock '/home/coder/.local/share/code-server/User/workspaceStorage/d1b2131/vscode.lock': Lock acquired.
2023-02-09 09:00:10.829 [info] ExtensionService#_doActivateExtension vscode.configuration-editing, startup: false, activationEvent: 'onLanguage:jsonc'
2023-02-09 09:00:10.829 [info] ExtensionService#_doActivateExtension vscode.json-language-features, startup: false, activationEvent: 'onLanguage:jsonc'
2023-02-09 09:00:10.830 [info] ExtensionService#_doActivateExtension vscode.typescript-language-features, startup: false, activationEvent: 'onLanguage:jsonc'
2023-02-09 09:00:10.830 [info] ExtensionService#_doActivateExtension vscode.git-base, startup: true, activationEvent: '*', root cause: vscode.git
2023-02-09 09:00:11.315 [info] ExtensionService#_doActivateExtension vscode.git, startup: true, activationEvent: '*'
2023-02-09 09:00:11.316 [info] ExtensionService#_doActivateExtension vscode.github, startup: true, activationEvent: '*'
2023-02-09 09:00:11.531 [info] ExtensionService#_doActivateExtension vscode.debug-auto-launch, startup: false, activationEvent: 'onStartupFinished'
2023-02-09 09:00:11.532 [info] ExtensionService#_doActivateExtension vscode.emmet, startup: false, activationEvent: 'onStartupFinished'
2023-02-09 09:00:11.532 [info] ExtensionService#_doActivateExtension vscode.merge-conflict, startup: false, activationEvent: 'onStartupFinished'
2023-02-09 09:00:11.532 [info] Eager extensions activated
2023-02-09 09:00:13.916 [error] Error: Client network socket disconnected before secure TLS connection was established
	at connResetException (node:internal/errors:705:14)
	at TLSSocket.onConnectEnd (node:_tls_wrap:1594:19)
	at TLSSocket.emit (node:events:525:35)
	at endReadableNT (node:internal/streams/readable:1358:12)
	at processTicksAndRejections (node:internal/process/task_queues:83:21)
2023-02-09 09:07:05.860 [info] Extension host terminating: received terminate message from renderer
2023-02-09 09:07:05.861 [info] Lock '/home/coder/.local/share/code-server/User/workspaceStorage/d1b2131/vscode.lock': Marking the lockfile as scheduled to be released in 6000 ms.
2023-02-09 09:07:05.887 [info] Extension host with pid 8656 exiting with code 0
