2023-02-09 09:41:53.814 [info] Validating found git in: git
2023-02-09 09:41:53.814 [info] Using git 2.30.2 from git
2023-02-09 09:41:53.815 [info] > git rev-parse --show-toplevel [48ms]
2023-02-09 09:41:53.815 [info] > git rev-parse --git-dir --git-common-dir [8ms]
2023-02-09 09:41:53.815 [info] Log level: Info
2023-02-09 09:41:53.815 [info] Open repository: /home/coder
2023-02-09 09:41:53.815 [info] > git status -z -uall [31ms]
2023-02-09 09:41:53.815 [info] > git remote --verbose [52ms]
2023-02-09 09:41:53.815 [info] > git for-each-ref --sort -committerdate --format %(refname) %(objectname) %(*objectname) [69ms]
2023-02-09 09:41:53.815 [info] > git config --get commit.template [8ms]
2023-02-09 09:41:53.815 [info] > git rev-parse --show-toplevel [22ms]
2023-02-09 09:41:53.815 [info] > git rev-parse --show-toplevel [2ms]
2023-02-09 09:41:53.815 [info] > git rev-parse --show-toplevel [11ms]
2023-02-09 09:41:53.815 [info] > git for-each-ref --format=%(refname)%00%(upstream:short)%00%(objectname)%00%(upstream:track)%00%(upstream:remotename)%00%(upstream:remoteref) refs/heads/master refs/remotes/master [5ms]
2023-02-09 09:41:53.815 [info] > git status -z -uall [11ms]
2023-02-09 09:41:53.815 [info] > git remote --verbose [21ms]
2023-02-09 09:41:53.815 [info] > git for-each-ref --sort -committerdate --format %(refname) %(objectname) %(*objectname) [30ms]
2023-02-09 09:41:53.815 [info] > git config --get commit.template [26ms]
2023-02-09 09:41:53.815 [info] > git for-each-ref --format=%(refname)%00%(upstream:short)%00%(objectname)%00%(upstream:track)%00%(upstream:remotename)%00%(upstream:remoteref) refs/heads/master refs/remotes/master [27ms]
2023-02-09 09:41:53.815 [info] > git show --textconv HEAD:.local/share/code-server/logs/20230209T080759/exthost3/vscode.github-authentication/GitHub Authentication.log [50ms]
2023-02-09 09:41:53.815 [info] > git ls-tree -l HEAD -- /home/coder/.local/share/code-server/logs/20230209T080759/exthost3/vscode.github-authentication/GitHub Authentication.log [39ms]
2023-02-09 09:41:53.817 [info] > git ls-tree -l HEAD -- /home/coder/.local/share/code-server/logs/20230209T080759/exthost3/vscode.github-authentication/GitHub Authentication.log [4ms]
2023-02-09 09:41:54.271 [info] > git check-ignore -v -z --stdin [1ms]
2023-02-09 09:41:57.107 [info] > git status -z -uall [6ms]
2023-02-09 09:41:57.107 [info] > git remote --verbose [11ms]
2023-02-09 09:41:57.108 [info] > git for-each-ref --sort -committerdate --format %(refname) %(objectname) %(*objectname) [16ms]
2023-02-09 09:41:57.109 [info] > git config --get commit.template [3ms]
2023-02-09 09:41:57.121 [info] > git for-each-ref --format=%(refname)%00%(upstream:short)%00%(objectname)%00%(upstream:track)%00%(upstream:remotename)%00%(upstream:remoteref) refs/heads/master refs/remotes/master [5ms]
2023-02-09 09:41:57.758 [info] > git check-ignore -v -z --stdin [1ms]
2023-02-09 09:42:02.152 [info] > git status -z -uall [7ms]
2023-02-09 09:42:02.152 [info] > git remote --verbose [16ms]
2023-02-09 09:42:02.153 [info] > git for-each-ref --sort -committerdate --format %(refname) %(objectname) %(*objectname) [22ms]
2023-02-09 09:42:02.155 [info] > git config --get commit.template [3ms]
2023-02-09 09:42:02.172 [info] > git for-each-ref --format=%(refname)%00%(upstream:short)%00%(objectname)%00%(upstream:track)%00%(upstream:remotename)%00%(upstream:remoteref) refs/heads/master refs/remotes/master [9ms]
2023-02-09 09:42:02.176 [info] > git add -A -- /home/coder/.local/share/code-server/User/workspaceStorage/d1b2131/vscode.lock /home/coder/.local/share/code-server/coder-logs/code-server-stdout.log /home/coder/.local/share/code-server/logs/20230209T080759/ptyhost.log /home/coder/.local/share/code-server/logs/20230209T080759/remoteagent.log /home/coder/.local/share/code-server/logs/20230209T080759/exthost4/exthost.log /home/coder/.local/share/code-server/logs/20230209T080759/exthost4/vscode.git/Git.log [5ms]
2023-02-09 09:42:02.207 [info] > git status -z -uall [7ms]
2023-02-09 09:42:02.208 [info] > git remote --verbose [12ms]
2023-02-09 09:42:02.208 [info] > git for-each-ref --sort -committerdate --format %(refname) %(objectname) %(*objectname) [23ms]
2023-02-09 09:42:02.210 [info] > git config --get commit.template [3ms]
2023-02-09 09:42:02.217 [info] > git for-each-ref --format=%(refname)%00%(upstream:short)%00%(objectname)%00%(upstream:track)%00%(upstream:remotename)%00%(upstream:remoteref) refs/heads/master refs/remotes/master [2ms]
2023-02-09 09:42:06.979 [info] > git add -A -- /home/coder/.local/share/code-server/logs/20230209T080759/exthost4/vscode.git/Git.log [3ms]
2023-02-09 09:42:07.005 [info] > git status -z -uall [7ms]
2023-02-09 09:42:07.006 [info] > git remote --verbose [12ms]
2023-02-09 09:42:07.006 [info] > git for-each-ref --sort -committerdate --format %(refname) %(objectname) %(*objectname) [19ms]
2023-02-09 09:42:07.008 [info] > git config --get commit.template [3ms]
2023-02-09 09:42:07.015 [info] > git for-each-ref --format=%(refname)%00%(upstream:short)%00%(objectname)%00%(upstream:track)%00%(upstream:remotename)%00%(upstream:remoteref) refs/heads/master refs/remotes/master [1ms]
2023-02-09 09:42:07.192 [info] > git status -z -uall [5ms]
2023-02-09 09:42:07.193 [info] > git remote --verbose [9ms]
2023-02-09 09:42:07.194 [info] > git for-each-ref --sort -committerdate --format %(refname) %(objectname) %(*objectname) [14ms]
2023-02-09 09:42:07.195 [info] > git config --get commit.template [3ms]
2023-02-09 09:42:07.205 [info] > git for-each-ref --format=%(refname)%00%(upstream:short)%00%(objectname)%00%(upstream:track)%00%(upstream:remotename)%00%(upstream:remoteref) refs/heads/master refs/remotes/master [3ms]
2023-02-09 09:42:09.643 [info] > git add -A -- /home/coder/.local/share/code-server/logs/20230209T080759/exthost4/vscode.git/Git.log [4ms]
2023-02-09 09:42:09.666 [info] > git status -z -uall [7ms]
2023-02-09 09:42:09.667 [info] > git remote --verbose [12ms]
2023-02-09 09:42:09.667 [info] > git for-each-ref --sort -committerdate --format %(refname) %(objectname) %(*objectname) [17ms]
2023-02-09 09:42:09.668 [info] > git config --get commit.template [3ms]
2023-02-09 09:42:09.675 [info] > git for-each-ref --format=%(refname)%00%(upstream:short)%00%(objectname)%00%(upstream:track)%00%(upstream:remotename)%00%(upstream:remoteref) refs/heads/master refs/remotes/master [2ms]
2023-02-09 09:42:11.668 [info] > git show --textconv :.git/COMMIT_EDITMSG [11ms]
2023-02-09 09:42:11.671 [info] > git ls-files --stage -- /home/coder/.git/COMMIT_EDITMSG [3ms]
2023-02-09 09:42:12.050 [info] > git check-ignore -v -z --stdin [2ms]
2023-02-09 09:42:12.502 [info] > git ls-files --stage -- /home/coder/.git/COMMIT_EDITMSG [1ms]
2023-02-09 09:42:12.515 [info] > git show --textconv :.git/COMMIT_EDITMSG [2ms]
2023-02-09 09:42:24.021 [info] > git ls-files --stage -- /home/coder/.git/COMMIT_EDITMSG [2ms]
2023-02-09 09:42:24.038 [info] > git show --textconv :.git/COMMIT_EDITMSG [1ms]
